2020-08-14 21:18:38 [scrapy.utils.log] INFO: Scrapy 1.3.3 started (bot: book)
2020-08-14 21:18:38 [scrapy.utils.log] INFO: Overridden settings: {'AUTOTHROTTLE_TARGET_CONCURRENCY': 10, 'BOT_NAME': 'book', 'CONCURRENT_REQUESTS': 10, 'COOKIES_ENABLED': False, 'DOWNLOAD_DELAY': 5, 'LOG_FILE': 'logs\\book\\chapter\\a8045492de3011ea9ee60024d6bf8b81.log', 'LOG_LEVEL': 'INFO', 'NEWSPIDER_MODULE': 'book.spiders', 'ROBOTSTXT_OBEY': True, 'SPIDER_MODULES': ['book.spiders'], 'USER_AGENT': 'Mozilla/5.0 (Macintosh; Intel Mac OS X 10_12_0) AppleWebKit/537.36 (KHTML, like Gecko) Chrome/68.0.3440.106 Safari/537.36'}
2020-08-14 21:18:38 [scrapy.middleware] INFO: Enabled extensions:
['scrapy.extensions.corestats.CoreStats',
 'scrapy.extensions.telnet.TelnetConsole',
 'scrapy.extensions.logstats.LogStats']
2020-08-14 21:18:38 [scrapy.middleware] INFO: Enabled downloader middlewares:
['scrapy.downloadermiddlewares.robotstxt.RobotsTxtMiddleware',
 'scrapy.downloadermiddlewares.httpauth.HttpAuthMiddleware',
 'scrapy.downloadermiddlewares.downloadtimeout.DownloadTimeoutMiddleware',
 'scrapy.downloadermiddlewares.defaultheaders.DefaultHeadersMiddleware',
 'scrapy.downloadermiddlewares.retry.RetryMiddleware',
 'scrapy.downloadermiddlewares.redirect.MetaRefreshMiddleware',
 'scrapy.downloadermiddlewares.httpcompression.HttpCompressionMiddleware',
 'scrapy.downloadermiddlewares.redirect.RedirectMiddleware',
 'scrapy.downloadermiddlewares.stats.DownloaderStats']
2020-08-14 21:18:38 [scrapy.middleware] INFO: Enabled spider middlewares:
['scrapy.spidermiddlewares.httperror.HttpErrorMiddleware',
 'scrapy.spidermiddlewares.offsite.OffsiteMiddleware',
 'scrapy.spidermiddlewares.referer.RefererMiddleware',
 'scrapy.spidermiddlewares.urllength.UrlLengthMiddleware',
 'scrapy.spidermiddlewares.depth.DepthMiddleware']
2020-08-14 21:18:38 [scrapy.middleware] INFO: Enabled item pipelines:
['book.pipelines.BookPipeline']
2020-08-14 21:18:38 [scrapy.core.engine] INFO: Spider opened
2020-08-14 21:18:38 [scrapy.extensions.logstats] INFO: Crawled 0 pages (at 0 pages/min), scraped 0 items (at 0 items/min)
2020-08-14 21:18:46 [root] INFO: >>>>>>>>>>>>>exists<<<<<<<<<<<<<<
2020-08-14 21:18:46 [root] INFO: >>>>>>>>>>>>>exists<<<<<<<<<<<<<<
2020-08-14 21:18:46 [root] INFO: >>>>>>>>>>>>>exists<<<<<<<<<<<<<<
2020-08-14 21:18:46 [root] INFO: >>>>>>>>>>>>>exists<<<<<<<<<<<<<<
2020-08-14 21:18:46 [root] INFO: >>>>>>>>>>>>>exists<<<<<<<<<<<<<<
2020-08-14 21:18:46 [root] INFO: >>>>>>>>>>>>>exists<<<<<<<<<<<<<<
2020-08-14 21:18:46 [root] INFO: >>>>>>>>>>>>>exists<<<<<<<<<<<<<<
2020-08-14 21:18:46 [root] INFO: >>>>>>>>>>>>>exists<<<<<<<<<<<<<<
2020-08-14 21:18:46 [root] INFO: >>>>>>>>>>>>>exists<<<<<<<<<<<<<<
2020-08-14 21:18:46 [root] INFO: >>>>>>>>>>>>>exists<<<<<<<<<<<<<<
2020-08-14 21:18:46 [root] INFO: >>>>>>>>>>>>>exists<<<<<<<<<<<<<<
2020-08-14 21:18:46 [root] INFO: >>>>>>>>>>>>>exists<<<<<<<<<<<<<<
2020-08-14 21:18:46 [root] INFO: >>>>>>>>>>>>>exists<<<<<<<<<<<<<<
2020-08-14 21:18:46 [root] INFO: >>>>>>>>>>>>>exists<<<<<<<<<<<<<<
2020-08-14 21:18:46 [root] INFO: >>>>>>>>>>>>>exists<<<<<<<<<<<<<<
2020-08-14 21:18:46 [root] INFO: >>>>>>>>>>>>>exists<<<<<<<<<<<<<<
2020-08-14 21:18:46 [root] INFO: >>>>>>>>>>>>>exists<<<<<<<<<<<<<<
2020-08-14 21:18:46 [root] INFO: >>>>>>>>>>>>>exists<<<<<<<<<<<<<<
2020-08-14 21:18:46 [root] INFO: >>>>>>>>>>>>>exists<<<<<<<<<<<<<<
2020-08-14 21:18:46 [root] INFO: >>>>>>>>>>>>>exists<<<<<<<<<<<<<<
2020-08-14 21:18:46 [root] INFO: >>>>>>>>>>>>>exists<<<<<<<<<<<<<<
2020-08-14 21:18:46 [root] INFO: >>>>>>>>>>>>>exists<<<<<<<<<<<<<<
2020-08-14 21:18:46 [root] INFO: >>>>>>>>>>>>>exists<<<<<<<<<<<<<<
2020-08-14 21:18:46 [root] INFO: >>>>>>>>>>>>>exists<<<<<<<<<<<<<<
2020-08-14 21:18:46 [root] INFO: >>>>>>>>>>>>>exists<<<<<<<<<<<<<<
2020-08-14 21:18:46 [root] INFO: >>>>>>>>>>>>>exists<<<<<<<<<<<<<<
2020-08-14 21:18:46 [root] INFO: >>>>>>>>>>>>>exists<<<<<<<<<<<<<<
2020-08-14 21:18:46 [root] INFO: >>>>>>>>>>>>>exists<<<<<<<<<<<<<<
2020-08-14 21:18:46 [root] INFO: >>>>>>>>>>>>>exists<<<<<<<<<<<<<<
2020-08-14 21:18:46 [root] INFO: >>>>>>>>>>>>>exists<<<<<<<<<<<<<<
2020-08-14 21:18:46 [root] INFO: >>>>>>>>>>>>>exists<<<<<<<<<<<<<<
2020-08-14 21:18:46 [root] INFO: >>>>>>>>>>>>>exists<<<<<<<<<<<<<<
2020-08-14 21:18:46 [root] INFO: >>>>>>>>>>>>>exists<<<<<<<<<<<<<<
2020-08-14 21:18:46 [root] INFO: >>>>>>>>>>>>>exists<<<<<<<<<<<<<<
2020-08-14 21:18:46 [root] INFO: >>>>>>>>>>>>>exists<<<<<<<<<<<<<<
2020-08-14 21:18:46 [root] INFO: >>>>>>>>>>>>>exists<<<<<<<<<<<<<<
2020-08-14 21:18:46 [root] INFO: >>>>>>>>>>>>>exists<<<<<<<<<<<<<<
2020-08-14 21:18:46 [root] INFO: >>>>>>>>>>>>>exists<<<<<<<<<<<<<<
2020-08-14 21:18:46 [root] INFO: >>>>>>>>>>>>>exists<<<<<<<<<<<<<<
2020-08-14 21:18:46 [root] INFO: >>>>>>>>>>>>>exists<<<<<<<<<<<<<<
2020-08-14 21:18:46 [root] INFO: >>>>>>>>>>>>>exists<<<<<<<<<<<<<<
2020-08-14 21:18:46 [root] INFO: >>>>>>>>>>>>>exists<<<<<<<<<<<<<<
2020-08-14 21:18:46 [root] INFO: >>>>>>>>>>>>>exists<<<<<<<<<<<<<<
2020-08-14 21:18:46 [root] INFO: >>>>>>>>>>>>>exists<<<<<<<<<<<<<<
2020-08-14 21:18:46 [root] INFO: >>>>>>>>>>>>>exists<<<<<<<<<<<<<<
2020-08-14 21:18:46 [root] INFO: >>>>>>>>>>>>>exists<<<<<<<<<<<<<<
2020-08-14 21:18:46 [root] INFO: >>>>>>>>>>>>>exists<<<<<<<<<<<<<<
2020-08-14 21:18:46 [root] INFO: >>>>>>>>>>>>>exists<<<<<<<<<<<<<<
2020-08-14 21:18:46 [root] INFO: >>>>>>>>>>>>>exists<<<<<<<<<<<<<<
2020-08-14 21:18:47 [root] INFO: >>>>>>>>>>>>>exists<<<<<<<<<<<<<<
2020-08-14 21:18:47 [root] INFO: >>>>>>>>>>>>>exists<<<<<<<<<<<<<<
2020-08-14 21:18:47 [root] INFO: >>>>>>>>>>>>>exists<<<<<<<<<<<<<<
2020-08-14 21:18:47 [root] INFO: >>>>>>>>>>>>>exists<<<<<<<<<<<<<<
2020-08-14 21:18:47 [root] INFO: >>>>>>>>>>>>>exists<<<<<<<<<<<<<<
2020-08-14 21:18:47 [root] INFO: >>>>>>>>>>>>>exists<<<<<<<<<<<<<<
2020-08-14 21:18:47 [root] INFO: >>>>>>>>>>>>>exists<<<<<<<<<<<<<<
2020-08-14 21:18:47 [root] INFO: >>>>>>>>>>>>>exists<<<<<<<<<<<<<<
2020-08-14 21:18:47 [root] INFO: >>>>>>>>>>>>>exists<<<<<<<<<<<<<<
2020-08-14 21:18:47 [root] INFO: >>>>>>>>>>>>>exists<<<<<<<<<<<<<<
2020-08-14 21:18:47 [root] INFO: >>>>>>>>>>>>>exists<<<<<<<<<<<<<<
2020-08-14 21:18:47 [root] INFO: >>>>>>>>>>>>>exists<<<<<<<<<<<<<<
2020-08-14 21:18:47 [root] INFO: >>>>>>>>>>>>>exists<<<<<<<<<<<<<<
2020-08-14 21:18:47 [root] INFO: >>>>>>>>>>>>>exists<<<<<<<<<<<<<<
2020-08-14 21:18:47 [root] INFO: >>>>>>>>>>>>>exists<<<<<<<<<<<<<<
2020-08-14 21:18:47 [root] INFO: >>>>>>>>>>>>>exists<<<<<<<<<<<<<<
2020-08-14 21:18:47 [root] INFO: >>>>>>>>>>>>>exists<<<<<<<<<<<<<<
2020-08-14 21:18:47 [root] INFO: >>>>>>>>>>>>>exists<<<<<<<<<<<<<<
2020-08-14 21:18:47 [root] INFO: >>>>>>>>>>>>>exists<<<<<<<<<<<<<<
2020-08-14 21:18:47 [root] INFO: >>>>>>>>>>>>>exists<<<<<<<<<<<<<<
2020-08-14 21:18:47 [root] INFO: >>>>>>>>>>>>>exists<<<<<<<<<<<<<<
2020-08-14 21:18:47 [root] INFO: >>>>>>>>>>>>>exists<<<<<<<<<<<<<<
2020-08-14 21:18:47 [root] INFO: >>>>>>>>>>>>>exists<<<<<<<<<<<<<<
2020-08-14 21:18:47 [root] INFO: >>>>>>>>>>>>>exists<<<<<<<<<<<<<<
2020-08-14 21:18:47 [root] INFO: >>>>>>>>>>>>>exists<<<<<<<<<<<<<<
2020-08-14 21:18:47 [root] INFO: >>>>>>>>>>>>>exists<<<<<<<<<<<<<<
2020-08-14 21:18:47 [root] INFO: >>>>>>>>>>>>>exists<<<<<<<<<<<<<<
2020-08-14 21:18:47 [root] INFO: >>>>>>>>>>>>>exists<<<<<<<<<<<<<<
2020-08-14 21:18:47 [root] INFO: >>>>>>>>>>>>>exists<<<<<<<<<<<<<<
2020-08-14 21:18:47 [root] INFO: >>>>>>>>>>>>>exists<<<<<<<<<<<<<<
2020-08-14 21:18:47 [root] INFO: >>>>>>>>>>>>>exists<<<<<<<<<<<<<<
2020-08-14 21:18:47 [root] INFO: >>>>>>>>>>>>>exists<<<<<<<<<<<<<<
2020-08-14 21:18:47 [root] INFO: >>>>>>>>>>>>>exists<<<<<<<<<<<<<<
2020-08-14 21:18:47 [root] INFO: >>>>>>>>>>>>>exists<<<<<<<<<<<<<<
2020-08-14 21:18:47 [root] INFO: >>>>>>>>>>>>>exists<<<<<<<<<<<<<<
2020-08-14 21:18:47 [root] INFO: >>>>>>>>>>>>>exists<<<<<<<<<<<<<<
2020-08-14 21:18:47 [root] INFO: >>>>>>>>>>>>>exists<<<<<<<<<<<<<<
2020-08-14 21:18:47 [root] INFO: >>>>>>>>>>>>>exists<<<<<<<<<<<<<<
2020-08-14 21:18:47 [root] INFO: >>>>>>>>>>>>>exists<<<<<<<<<<<<<<
2020-08-14 21:18:47 [root] INFO: >>>>>>>>>>>>>exists<<<<<<<<<<<<<<
2020-08-14 21:18:47 [root] INFO: >>>>>>>>>>>>>exists<<<<<<<<<<<<<<
2020-08-14 21:18:47 [root] INFO: >>>>>>>>>>>>>exists<<<<<<<<<<<<<<
2020-08-14 21:18:47 [root] INFO: >>>>>>>>>>>>>exists<<<<<<<<<<<<<<
2020-08-14 21:18:47 [root] INFO: >>>>>>>>>>>>>exists<<<<<<<<<<<<<<
2020-08-14 21:18:47 [root] INFO: >>>>>>>>>>>>>exists<<<<<<<<<<<<<<
2020-08-14 21:18:47 [root] INFO: >>>>>>>>>>>>>exists<<<<<<<<<<<<<<
2020-08-14 21:18:47 [root] INFO: >>>>>>>>>>>>>exists<<<<<<<<<<<<<<
2020-08-14 21:18:47 [root] INFO: >>>>>>>>>>>>>exists<<<<<<<<<<<<<<
2020-08-14 21:18:47 [root] INFO: >>>>>>>>>>>>>exists<<<<<<<<<<<<<<
2020-08-14 21:18:47 [root] INFO: >>>>>>>>>>>>>exists<<<<<<<<<<<<<<
2020-08-14 21:18:47 [root] INFO: >>>>>>>>>>>>>exists<<<<<<<<<<<<<<
2020-08-14 21:18:47 [root] INFO: >>>>>>>>>>>>>exists<<<<<<<<<<<<<<
2020-08-14 21:18:47 [root] INFO: >>>>>>>>>>>>>exists<<<<<<<<<<<<<<
2020-08-14 21:18:47 [root] INFO: >>>>>>>>>>>>>exists<<<<<<<<<<<<<<
2020-08-14 21:18:47 [root] INFO: >>>>>>>>>>>>>exists<<<<<<<<<<<<<<
2020-08-14 21:18:47 [root] INFO: >>>>>>>>>>>>>exists<<<<<<<<<<<<<<
2020-08-14 21:18:47 [root] INFO: >>>>>>>>>>>>>exists<<<<<<<<<<<<<<
2020-08-14 21:18:47 [root] INFO: >>>>>>>>>>>>>exists<<<<<<<<<<<<<<
2020-08-14 21:18:47 [root] INFO: >>>>>>>>>>>>>exists<<<<<<<<<<<<<<
2020-08-14 21:18:47 [root] INFO: >>>>>>>>>>>>>exists<<<<<<<<<<<<<<
2020-08-14 21:18:47 [root] INFO: >>>>>>>>>>>>>exists<<<<<<<<<<<<<<
2020-08-14 21:18:47 [root] INFO: >>>>>>>>>>>>>exists<<<<<<<<<<<<<<
2020-08-14 21:18:47 [root] INFO: >>>>>>>>>>>>>exists<<<<<<<<<<<<<<
2020-08-14 21:18:47 [root] INFO: >>>>>>>>>>>>>exists<<<<<<<<<<<<<<
2020-08-14 21:18:47 [root] INFO: >>>>>>>>>>>>>exists<<<<<<<<<<<<<<
2020-08-14 21:18:47 [root] INFO: >>>>>>>>>>>>>exists<<<<<<<<<<<<<<
2020-08-14 21:18:47 [root] INFO: >>>>>>>>>>>>>exists<<<<<<<<<<<<<<
2020-08-14 21:18:47 [root] INFO: >>>>>>>>>>>>>exists<<<<<<<<<<<<<<
2020-08-14 21:18:47 [root] INFO: >>>>>>>>>>>>>exists<<<<<<<<<<<<<<
2020-08-14 21:18:47 [root] INFO: >>>>>>>>>>>>>exists<<<<<<<<<<<<<<
2020-08-14 21:18:47 [root] INFO: >>>>>>>>>>>>>exists<<<<<<<<<<<<<<
2020-08-14 21:18:47 [root] INFO: >>>>>>>>>>>>>exists<<<<<<<<<<<<<<
2020-08-14 21:18:47 [root] INFO: >>>>>>>>>>>>>exists<<<<<<<<<<<<<<
2020-08-14 21:18:47 [root] INFO: >>>>>>>>>>>>>exists<<<<<<<<<<<<<<
2020-08-14 21:18:47 [root] INFO: >>>>>>>>>>>>>exists<<<<<<<<<<<<<<
2020-08-14 21:18:47 [root] INFO: >>>>>>>>>>>>>exists<<<<<<<<<<<<<<
2020-08-14 21:18:47 [root] INFO: >>>>>>>>>>>>>exists<<<<<<<<<<<<<<
2020-08-14 21:18:47 [root] INFO: >>>>>>>>>>>>>exists<<<<<<<<<<<<<<
2020-08-14 21:18:47 [root] INFO: >>>>>>>>>>>>>exists<<<<<<<<<<<<<<
2020-08-14 21:18:47 [root] INFO: >>>>>>>>>>>>>exists<<<<<<<<<<<<<<
2020-08-14 21:18:47 [root] INFO: >>>>>>>>>>>>>exists<<<<<<<<<<<<<<
2020-08-14 21:18:47 [root] INFO: >>>>>>>>>>>>>exists<<<<<<<<<<<<<<
2020-08-14 21:18:47 [root] INFO: >>>>>>>>>>>>>exists<<<<<<<<<<<<<<
2020-08-14 21:18:47 [root] INFO: >>>>>>>>>>>>>exists<<<<<<<<<<<<<<
2020-08-14 21:18:47 [root] INFO: >>>>>>>>>>>>>exists<<<<<<<<<<<<<<
2020-08-14 21:18:47 [root] INFO: >>>>>>>>>>>>>exists<<<<<<<<<<<<<<
2020-08-14 21:18:47 [root] INFO: >>>>>>>>>>>>>exists<<<<<<<<<<<<<<
2020-08-14 21:18:47 [root] INFO: >>>>>>>>>>>>>exists<<<<<<<<<<<<<<
2020-08-14 21:18:47 [root] INFO: >>>>>>>>>>>>>exists<<<<<<<<<<<<<<
2020-08-14 21:18:47 [root] INFO: >>>>>>>>>>>>>exists<<<<<<<<<<<<<<
2020-08-14 21:18:47 [root] INFO: >>>>>>>>>>>>>exists<<<<<<<<<<<<<<
2020-08-14 21:18:47 [root] INFO: >>>>>>>>>>>>>exists<<<<<<<<<<<<<<
2020-08-14 21:18:47 [root] INFO: >>>>>>>>>>>>>exists<<<<<<<<<<<<<<
2020-08-14 21:18:47 [root] INFO: >>>>>>>>>>>>>exists<<<<<<<<<<<<<<
2020-08-14 21:18:47 [root] INFO: >>>>>>>>>>>>>exists<<<<<<<<<<<<<<
2020-08-14 21:18:47 [root] INFO: >>>>>>>>>>>>>exists<<<<<<<<<<<<<<
2020-08-14 21:18:47 [root] INFO: >>>>>>>>>>>>>exists<<<<<<<<<<<<<<
2020-08-14 21:18:47 [root] INFO: >>>>>>>>>>>>>exists<<<<<<<<<<<<<<
2020-08-14 21:18:47 [root] INFO: >>>>>>>>>>>>>exists<<<<<<<<<<<<<<
2020-08-14 21:18:47 [root] INFO: >>>>>>>>>>>>>exists<<<<<<<<<<<<<<
2020-08-14 21:18:47 [root] INFO: >>>>>>>>>>>>>exists<<<<<<<<<<<<<<
2020-08-14 21:18:47 [root] INFO: >>>>>>>>>>>>>exists<<<<<<<<<<<<<<
2020-08-14 21:18:47 [root] INFO: >>>>>>>>>>>>>exists<<<<<<<<<<<<<<
2020-08-14 21:18:47 [root] INFO: >>>>>>>>>>>>>exists<<<<<<<<<<<<<<
2020-08-14 21:18:47 [root] INFO: >>>>>>>>>>>>>exists<<<<<<<<<<<<<<
2020-08-14 21:18:47 [root] INFO: >>>>>>>>>>>>>exists<<<<<<<<<<<<<<
2020-08-14 21:18:47 [root] INFO: >>>>>>>>>>>>>exists<<<<<<<<<<<<<<
2020-08-14 21:18:47 [root] INFO: >>>>>>>>>>>>>exists<<<<<<<<<<<<<<
2020-08-14 21:18:47 [root] INFO: >>>>>>>>>>>>>exists<<<<<<<<<<<<<<
2020-08-14 21:18:47 [root] INFO: >>>>>>>>>>>>>exists<<<<<<<<<<<<<<
2020-08-14 21:18:47 [root] INFO: >>>>>>>>>>>>>exists<<<<<<<<<<<<<<
2020-08-14 21:18:47 [root] INFO: >>>>>>>>>>>>>exists<<<<<<<<<<<<<<
2020-08-14 21:18:47 [root] INFO: >>>>>>>>>>>>>exists<<<<<<<<<<<<<<
2020-08-14 21:18:47 [root] INFO: >>>>>>>>>>>>>exists<<<<<<<<<<<<<<
2020-08-14 21:18:47 [root] INFO: >>>>>>>>>>>>>exists<<<<<<<<<<<<<<
2020-08-14 21:18:47 [root] INFO: >>>>>>>>>>>>>exists<<<<<<<<<<<<<<
2020-08-14 21:18:47 [root] INFO: >>>>>>>>>>>>>exists<<<<<<<<<<<<<<
2020-08-14 21:18:47 [root] INFO: >>>>>>>>>>>>>exists<<<<<<<<<<<<<<
2020-08-14 21:18:47 [root] INFO: >>>>>>>>>>>>>exists<<<<<<<<<<<<<<
2020-08-14 21:18:47 [root] INFO: >>>>>>>>>>>>>exists<<<<<<<<<<<<<<
2020-08-14 21:18:47 [root] INFO: >>>>>>>>>>>>>exists<<<<<<<<<<<<<<
2020-08-14 21:18:47 [root] INFO: >>>>>>>>>>>>>exists<<<<<<<<<<<<<<
2020-08-14 21:18:47 [root] INFO: >>>>>>>>>>>>>exists<<<<<<<<<<<<<<
2020-08-14 21:18:47 [root] INFO: >>>>>>>>>>>>>exists<<<<<<<<<<<<<<
2020-08-14 21:18:47 [root] INFO: >>>>>>>>>>>>>exists<<<<<<<<<<<<<<
2020-08-14 21:18:47 [root] INFO: >>>>>>>>>>>>>exists<<<<<<<<<<<<<<
2020-08-14 21:18:47 [root] INFO: >>>>>>>>>>>>>exists<<<<<<<<<<<<<<
2020-08-14 21:18:47 [root] INFO: >>>>>>>>>>>>>exists<<<<<<<<<<<<<<
2020-08-14 21:18:47 [root] INFO: >>>>>>>>>>>>>exists<<<<<<<<<<<<<<
2020-08-14 21:18:47 [root] INFO: >>>>>>>>>>>>>exists<<<<<<<<<<<<<<
2020-08-14 21:18:47 [root] INFO: >>>>>>>>>>>>>exists<<<<<<<<<<<<<<
2020-08-14 21:18:47 [root] INFO: >>>>>>>>>>>>>exists<<<<<<<<<<<<<<
2020-08-14 21:18:47 [root] INFO: >>>>>>>>>>>>>exists<<<<<<<<<<<<<<
2020-08-14 21:18:47 [root] INFO: >>>>>>>>>>>>>exists<<<<<<<<<<<<<<
2020-08-14 21:18:47 [root] INFO: >>>>>>>>>>>>>exists<<<<<<<<<<<<<<
2020-08-14 21:18:47 [root] INFO: >>>>>>>>>>>>>exists<<<<<<<<<<<<<<
2020-08-14 21:18:47 [root] INFO: >>>>>>>>>>>>>exists<<<<<<<<<<<<<<
2020-08-14 21:18:47 [root] INFO: >>>>>>>>>>>>>exists<<<<<<<<<<<<<<
2020-08-14 21:18:47 [root] INFO: >>>>>>>>>>>>>exists<<<<<<<<<<<<<<
2020-08-14 21:18:47 [root] INFO: >>>>>>>>>>>>>exists<<<<<<<<<<<<<<
2020-08-14 21:18:47 [root] INFO: >>>>>>>>>>>>>exists<<<<<<<<<<<<<<
2020-08-14 21:18:47 [root] INFO: >>>>>>>>>>>>>exists<<<<<<<<<<<<<<
2020-08-14 21:18:47 [root] INFO: >>>>>>>>>>>>>exists<<<<<<<<<<<<<<
2020-08-14 21:18:47 [root] INFO: >>>>>>>>>>>>>exists<<<<<<<<<<<<<<
2020-08-14 21:18:47 [root] INFO: >>>>>>>>>>>>>exists<<<<<<<<<<<<<<
2020-08-14 21:18:47 [root] INFO: >>>>>>>>>>>>>exists<<<<<<<<<<<<<<
2020-08-14 21:18:47 [root] INFO: >>>>>>>>>>>>>exists<<<<<<<<<<<<<<
2020-08-14 21:18:47 [root] INFO: >>>>>>>>>>>>>exists<<<<<<<<<<<<<<
2020-08-14 21:18:47 [root] INFO: >>>>>>>>>>>>>exists<<<<<<<<<<<<<<
2020-08-14 21:18:47 [root] INFO: >>>>>>>>>>>>>exists<<<<<<<<<<<<<<
2020-08-14 21:18:47 [root] INFO: >>>>>>>>>>>>>exists<<<<<<<<<<<<<<
2020-08-14 21:18:47 [root] INFO: >>>>>>>>>>>>>exists<<<<<<<<<<<<<<
2020-08-14 21:18:47 [root] INFO: >>>>>>>>>>>>>exists<<<<<<<<<<<<<<
2020-08-14 21:18:47 [root] INFO: >>>>>>>>>>>>>exists<<<<<<<<<<<<<<
2020-08-14 21:18:47 [root] INFO: >>>>>>>>>>>>>exists<<<<<<<<<<<<<<
2020-08-14 21:18:47 [root] INFO: >>>>>>>>>>>>>exists<<<<<<<<<<<<<<
2020-08-14 21:18:47 [root] INFO: >>>>>>>>>>>>>exists<<<<<<<<<<<<<<
2020-08-14 21:18:47 [root] INFO: >>>>>>>>>>>>>exists<<<<<<<<<<<<<<
2020-08-14 21:18:47 [root] INFO: >>>>>>>>>>>>>exists<<<<<<<<<<<<<<
2020-08-14 21:18:47 [root] INFO: >>>>>>>>>>>>>exists<<<<<<<<<<<<<<
2020-08-14 21:18:47 [root] INFO: >>>>>>>>>>>>>exists<<<<<<<<<<<<<<
2020-08-14 21:18:47 [root] INFO: >>>>>>>>>>>>>exists<<<<<<<<<<<<<<
2020-08-14 21:18:47 [root] INFO: >>>>>>>>>>>>>exists<<<<<<<<<<<<<<
2020-08-14 21:18:47 [root] INFO: >>>>>>>>>>>>>exists<<<<<<<<<<<<<<
2020-08-14 21:18:47 [root] INFO: >>>>>>>>>>>>>exists<<<<<<<<<<<<<<
2020-08-14 21:18:47 [root] INFO: >>>>>>>>>>>>>exists<<<<<<<<<<<<<<
2020-08-14 21:18:47 [root] INFO: >>>>>>>>>>>>>exists<<<<<<<<<<<<<<
2020-08-14 21:18:47 [root] INFO: >>>>>>>>>>>>>exists<<<<<<<<<<<<<<
2020-08-14 21:18:47 [root] INFO: >>>>>>>>>>>>>exists<<<<<<<<<<<<<<
2020-08-14 21:18:47 [root] INFO: >>>>>>>>>>>>>exists<<<<<<<<<<<<<<
2020-08-14 21:18:47 [root] INFO: >>>>>>>>>>>>>exists<<<<<<<<<<<<<<
2020-08-14 21:18:47 [root] INFO: >>>>>>>>>>>>>exists<<<<<<<<<<<<<<
2020-08-14 21:18:47 [root] INFO: >>>>>>>>>>>>>exists<<<<<<<<<<<<<<
2020-08-14 21:18:47 [root] INFO: >>>>>>>>>>>>>exists<<<<<<<<<<<<<<
2020-08-14 21:18:47 [root] INFO: >>>>>>>>>>>>>exists<<<<<<<<<<<<<<
2020-08-14 21:18:47 [root] INFO: >>>>>>>>>>>>>exists<<<<<<<<<<<<<<
2020-08-14 21:18:47 [root] INFO: >>>>>>>>>>>>>exists<<<<<<<<<<<<<<
2020-08-14 21:18:47 [root] INFO: >>>>>>>>>>>>>exists<<<<<<<<<<<<<<
2020-08-14 21:18:47 [root] INFO: >>>>>>>>>>>>>exists<<<<<<<<<<<<<<
2020-08-14 21:18:47 [root] INFO: >>>>>>>>>>>>>exists<<<<<<<<<<<<<<
2020-08-14 21:18:47 [root] INFO: >>>>>>>>>>>>>exists<<<<<<<<<<<<<<
2020-08-14 21:18:47 [root] INFO: >>>>>>>>>>>>>exists<<<<<<<<<<<<<<
2020-08-14 21:18:47 [root] INFO: >>>>>>>>>>>>>exists<<<<<<<<<<<<<<
2020-08-14 21:18:47 [root] INFO: >>>>>>>>>>>>>exists<<<<<<<<<<<<<<
2020-08-14 21:18:47 [root] INFO: >>>>>>>>>>>>>exists<<<<<<<<<<<<<<
2020-08-14 21:18:47 [root] INFO: >>>>>>>>>>>>>exists<<<<<<<<<<<<<<
2020-08-14 21:18:47 [root] INFO: >>>>>>>>>>>>>exists<<<<<<<<<<<<<<
2020-08-14 21:18:47 [root] INFO: >>>>>>>>>>>>>exists<<<<<<<<<<<<<<
2020-08-14 21:18:47 [root] INFO: >>>>>>>>>>>>>exists<<<<<<<<<<<<<<
2020-08-14 21:18:47 [root] INFO: >>>>>>>>>>>>>exists<<<<<<<<<<<<<<
2020-08-14 21:18:47 [root] INFO: >>>>>>>>>>>>>exists<<<<<<<<<<<<<<
2020-08-14 21:18:47 [root] INFO: >>>>>>>>>>>>>exists<<<<<<<<<<<<<<
2020-08-14 21:18:47 [root] INFO: >>>>>>>>>>>>>exists<<<<<<<<<<<<<<
2020-08-14 21:18:47 [root] INFO: >>>>>>>>>>>>>exists<<<<<<<<<<<<<<
2020-08-14 21:18:47 [root] INFO: >>>>>>>>>>>>>exists<<<<<<<<<<<<<<
2020-08-14 21:18:47 [root] INFO: >>>>>>>>>>>>>exists<<<<<<<<<<<<<<
2020-08-14 21:18:47 [root] INFO: >>>>>>>>>>>>>exists<<<<<<<<<<<<<<
2020-08-14 21:18:47 [root] INFO: >>>>>>>>>>>>>exists<<<<<<<<<<<<<<
2020-08-14 21:18:47 [root] INFO: >>>>>>>>>>>>>exists<<<<<<<<<<<<<<
2020-08-14 21:18:47 [root] INFO: >>>>>>>>>>>>>exists<<<<<<<<<<<<<<
2020-08-14 21:18:47 [root] INFO: >>>>>>>>>>>>>exists<<<<<<<<<<<<<<
2020-08-14 21:18:47 [root] INFO: >>>>>>>>>>>>>exists<<<<<<<<<<<<<<
2020-08-14 21:18:47 [root] INFO: >>>>>>>>>>>>>exists<<<<<<<<<<<<<<
2020-08-14 21:18:47 [root] INFO: >>>>>>>>>>>>>exists<<<<<<<<<<<<<<
2020-08-14 21:18:47 [root] INFO: >>>>>>>>>>>>>exists<<<<<<<<<<<<<<
2020-08-14 21:18:47 [root] INFO: >>>>>>>>>>>>>exists<<<<<<<<<<<<<<
2020-08-14 21:18:47 [root] INFO: >>>>>>>>>>>>>exists<<<<<<<<<<<<<<
2020-08-14 21:18:47 [root] INFO: >>>>>>>>>>>>>exists<<<<<<<<<<<<<<
2020-08-14 21:18:47 [root] INFO: >>>>>>>>>>>>>exists<<<<<<<<<<<<<<
2020-08-14 21:18:47 [root] INFO: >>>>>>>>>>>>>exists<<<<<<<<<<<<<<
2020-08-14 21:18:47 [root] INFO: >>>>>>>>>>>>>exists<<<<<<<<<<<<<<
2020-08-14 21:18:47 [root] INFO: >>>>>>>>>>>>>exists<<<<<<<<<<<<<<
2020-08-14 21:18:47 [root] INFO: >>>>>>>>>>>>>exists<<<<<<<<<<<<<<
2020-08-14 21:18:47 [root] INFO: >>>>>>>>>>>>>exists<<<<<<<<<<<<<<
2020-08-14 21:18:47 [root] INFO: >>>>>>>>>>>>>exists<<<<<<<<<<<<<<
2020-08-14 21:18:47 [root] INFO: >>>>>>>>>>>>>exists<<<<<<<<<<<<<<
2020-08-14 21:18:47 [root] INFO: >>>>>>>>>>>>>exists<<<<<<<<<<<<<<
2020-08-14 21:18:47 [root] INFO: >>>>>>>>>>>>>exists<<<<<<<<<<<<<<
2020-08-14 21:18:47 [root] INFO: >>>>>>>>>>>>>exists<<<<<<<<<<<<<<
2020-08-14 21:18:47 [root] INFO: >>>>>>>>>>>>>exists<<<<<<<<<<<<<<
2020-08-14 21:18:47 [root] INFO: >>>>>>>>>>>>>exists<<<<<<<<<<<<<<
2020-08-14 21:18:47 [root] INFO: >>>>>>>>>>>>>exists<<<<<<<<<<<<<<
2020-08-14 21:18:47 [root] INFO: >>>>>>>>>>>>>exists<<<<<<<<<<<<<<
2020-08-14 21:18:47 [root] INFO: >>>>>>>>>>>>>exists<<<<<<<<<<<<<<
2020-08-14 21:18:47 [root] INFO: >>>>>>>>>>>>>exists<<<<<<<<<<<<<<
2020-08-14 21:18:47 [root] INFO: >>>>>>>>>>>>>exists<<<<<<<<<<<<<<
2020-08-14 21:18:47 [root] INFO: >>>>>>>>>>>>>exists<<<<<<<<<<<<<<
2020-08-14 21:18:47 [root] INFO: >>>>>>>>>>>>>exists<<<<<<<<<<<<<<
2020-08-14 21:18:47 [root] INFO: >>>>>>>>>>>>>exists<<<<<<<<<<<<<<
2020-08-14 21:18:47 [root] INFO: >>>>>>>>>>>>>exists<<<<<<<<<<<<<<
2020-08-14 21:18:47 [root] INFO: >>>>>>>>>>>>>exists<<<<<<<<<<<<<<
2020-08-14 21:18:47 [root] INFO: >>>>>>>>>>>>>exists<<<<<<<<<<<<<<
2020-08-14 21:18:47 [root] INFO: >>>>>>>>>>>>>exists<<<<<<<<<<<<<<
2020-08-14 21:18:47 [root] INFO: >>>>>>>>>>>>>exists<<<<<<<<<<<<<<
2020-08-14 21:18:47 [root] INFO: >>>>>>>>>>>>>exists<<<<<<<<<<<<<<
2020-08-14 21:18:47 [root] INFO: >>>>>>>>>>>>>exists<<<<<<<<<<<<<<
2020-08-14 21:18:47 [root] INFO: >>>>>>>>>>>>>exists<<<<<<<<<<<<<<
2020-08-14 21:18:47 [root] INFO: >>>>>>>>>>>>>exists<<<<<<<<<<<<<<
2020-08-14 21:18:47 [root] INFO: >>>>>>>>>>>>>exists<<<<<<<<<<<<<<
2020-08-14 21:18:47 [root] INFO: >>>>>>>>>>>>>exists<<<<<<<<<<<<<<
2020-08-14 21:18:47 [root] INFO: >>>>>>>>>>>>>exists<<<<<<<<<<<<<<
2020-08-14 21:18:47 [root] INFO: >>>>>>>>>>>>>exists<<<<<<<<<<<<<<
2020-08-14 21:18:47 [root] INFO: >>>>>>>>>>>>>exists<<<<<<<<<<<<<<
2020-08-14 21:18:47 [root] INFO: >>>>>>>>>>>>>exists<<<<<<<<<<<<<<
2020-08-14 21:18:47 [root] INFO: >>>>>>>>>>>>>exists<<<<<<<<<<<<<<
2020-08-14 21:18:47 [root] INFO: >>>>>>>>>>>>>exists<<<<<<<<<<<<<<
2020-08-14 21:18:47 [root] INFO: >>>>>>>>>>>>>exists<<<<<<<<<<<<<<
2020-08-14 21:18:47 [root] INFO: >>>>>>>>>>>>>exists<<<<<<<<<<<<<<
2020-08-14 21:18:47 [root] INFO: >>>>>>>>>>>>>exists<<<<<<<<<<<<<<
2020-08-14 21:18:47 [root] INFO: >>>>>>>>>>>>>exists<<<<<<<<<<<<<<
2020-08-14 21:18:47 [root] INFO: >>>>>>>>>>>>>exists<<<<<<<<<<<<<<
2020-08-14 21:18:47 [root] INFO: >>>>>>>>>>>>>exists<<<<<<<<<<<<<<
2020-08-14 21:18:47 [root] INFO: >>>>>>>>>>>>>exists<<<<<<<<<<<<<<
2020-08-14 21:18:47 [root] INFO: >>>>>>>>>>>>>exists<<<<<<<<<<<<<<
2020-08-14 21:18:47 [root] INFO: >>>>>>>>>>>>>exists<<<<<<<<<<<<<<
2020-08-14 21:18:47 [root] INFO: >>>>>>>>>>>>>exists<<<<<<<<<<<<<<
2020-08-14 21:18:47 [root] INFO: >>>>>>>>>>>>>exists<<<<<<<<<<<<<<
2020-08-14 21:18:47 [root] INFO: >>>>>>>>>>>>>exists<<<<<<<<<<<<<<
2020-08-14 21:18:47 [root] INFO: >>>>>>>>>>>>>exists<<<<<<<<<<<<<<
2020-08-14 21:18:47 [root] INFO: >>>>>>>>>>>>>exists<<<<<<<<<<<<<<
2020-08-14 21:18:47 [root] INFO: >>>>>>>>>>>>>exists<<<<<<<<<<<<<<
2020-08-14 21:18:47 [root] INFO: >>>>>>>>>>>>>exists<<<<<<<<<<<<<<
2020-08-14 21:18:47 [root] INFO: >>>>>>>>>>>>>exists<<<<<<<<<<<<<<
2020-08-14 21:18:47 [root] INFO: >>>>>>>>>>>>>exists<<<<<<<<<<<<<<
2020-08-14 21:18:47 [root] INFO: >>>>>>>>>>>>>exists<<<<<<<<<<<<<<
2020-08-14 21:18:47 [root] INFO: >>>>>>>>>>>>>exists<<<<<<<<<<<<<<
2020-08-14 21:18:47 [root] INFO: >>>>>>>>>>>>>exists<<<<<<<<<<<<<<
2020-08-14 21:18:47 [root] INFO: >>>>>>>>>>>>>exists<<<<<<<<<<<<<<
2020-08-14 21:18:47 [root] INFO: >>>>>>>>>>>>>exists<<<<<<<<<<<<<<
2020-08-14 21:18:47 [root] INFO: >>>>>>>>>>>>>exists<<<<<<<<<<<<<<
2020-08-14 21:18:47 [root] INFO: >>>>>>>>>>>>>exists<<<<<<<<<<<<<<
2020-08-14 21:18:47 [root] INFO: >>>>>>>>>>>>>exists<<<<<<<<<<<<<<
2020-08-14 21:18:47 [root] INFO: >>>>>>>>>>>>>exists<<<<<<<<<<<<<<
2020-08-14 21:18:47 [root] INFO: >>>>>>>>>>>>>exists<<<<<<<<<<<<<<
2020-08-14 21:18:47 [root] INFO: >>>>>>>>>>>>>exists<<<<<<<<<<<<<<
2020-08-14 21:18:47 [root] INFO: >>>>>>>>>>>>>exists<<<<<<<<<<<<<<
2020-08-14 21:18:47 [root] INFO: >>>>>>>>>>>>>exists<<<<<<<<<<<<<<
2020-08-14 21:18:47 [root] INFO: >>>>>>>>>>>>>exists<<<<<<<<<<<<<<
2020-08-14 21:18:47 [root] INFO: >>>>>>>>>>>>>exists<<<<<<<<<<<<<<
2020-08-14 21:18:47 [root] INFO: >>>>>>>>>>>>>exists<<<<<<<<<<<<<<
2020-08-14 21:18:47 [root] INFO: >>>>>>>>>>>>>exists<<<<<<<<<<<<<<
2020-08-14 21:18:47 [root] INFO: >>>>>>>>>>>>>exists<<<<<<<<<<<<<<
2020-08-14 21:18:47 [root] INFO: >>>>>>>>>>>>>exists<<<<<<<<<<<<<<
2020-08-14 21:18:47 [root] INFO: >>>>>>>>>>>>>exists<<<<<<<<<<<<<<
2020-08-14 21:18:47 [root] INFO: >>>>>>>>>>>>>exists<<<<<<<<<<<<<<
2020-08-14 21:18:47 [root] INFO: >>>>>>>>>>>>>exists<<<<<<<<<<<<<<
2020-08-14 21:18:47 [root] INFO: >>>>>>>>>>>>>exists<<<<<<<<<<<<<<
2020-08-14 21:18:47 [root] INFO: >>>>>>>>>>>>>exists<<<<<<<<<<<<<<
2020-08-14 21:18:47 [root] INFO: >>>>>>>>>>>>>exists<<<<<<<<<<<<<<
2020-08-14 21:18:47 [root] INFO: >>>>>>>>>>>>>exists<<<<<<<<<<<<<<
2020-08-14 21:18:47 [root] INFO: >>>>>>>>>>>>>exists<<<<<<<<<<<<<<
2020-08-14 21:18:47 [root] INFO: >>>>>>>>>>>>>exists<<<<<<<<<<<<<<
2020-08-14 21:18:47 [root] INFO: >>>>>>>>>>>>>exists<<<<<<<<<<<<<<
2020-08-14 21:18:47 [root] INFO: >>>>>>>>>>>>>exists<<<<<<<<<<<<<<
2020-08-14 21:18:47 [root] INFO: >>>>>>>>>>>>>exists<<<<<<<<<<<<<<
2020-08-14 21:18:47 [root] INFO: >>>>>>>>>>>>>exists<<<<<<<<<<<<<<
2020-08-14 21:18:47 [root] INFO: >>>>>>>>>>>>>exists<<<<<<<<<<<<<<
2020-08-14 21:18:47 [root] INFO: >>>>>>>>>>>>>exists<<<<<<<<<<<<<<
2020-08-14 21:18:47 [root] INFO: >>>>>>>>>>>>>exists<<<<<<<<<<<<<<
2020-08-14 21:18:47 [root] INFO: >>>>>>>>>>>>>exists<<<<<<<<<<<<<<
2020-08-14 21:18:47 [root] INFO: >>>>>>>>>>>>>exists<<<<<<<<<<<<<<
2020-08-14 21:18:47 [root] INFO: >>>>>>>>>>>>>exists<<<<<<<<<<<<<<
2020-08-14 21:18:47 [root] INFO: >>>>>>>>>>>>>exists<<<<<<<<<<<<<<
2020-08-14 21:18:47 [root] INFO: >>>>>>>>>>>>>exists<<<<<<<<<<<<<<
2020-08-14 21:18:47 [root] INFO: >>>>>>>>>>>>>exists<<<<<<<<<<<<<<
2020-08-14 21:18:47 [root] INFO: >>>>>>>>>>>>>exists<<<<<<<<<<<<<<
2020-08-14 21:18:47 [root] INFO: >>>>>>>>>>>>>exists<<<<<<<<<<<<<<
2020-08-14 21:18:47 [root] INFO: >>>>>>>>>>>>>exists<<<<<<<<<<<<<<
2020-08-14 21:18:47 [root] INFO: >>>>>>>>>>>>>exists<<<<<<<<<<<<<<
2020-08-14 21:18:47 [root] INFO: >>>>>>>>>>>>>exists<<<<<<<<<<<<<<
2020-08-14 21:18:47 [root] INFO: >>>>>>>>>>>>>exists<<<<<<<<<<<<<<
2020-08-14 21:18:47 [root] INFO: >>>>>>>>>>>>>exists<<<<<<<<<<<<<<
2020-08-14 21:18:47 [root] INFO: >>>>>>>>>>>>>exists<<<<<<<<<<<<<<
2020-08-14 21:18:47 [root] INFO: >>>>>>>>>>>>>exists<<<<<<<<<<<<<<
2020-08-14 21:18:47 [root] INFO: >>>>>>>>>>>>>exists<<<<<<<<<<<<<<
2020-08-14 21:18:47 [root] INFO: >>>>>>>>>>>>>exists<<<<<<<<<<<<<<
2020-08-14 21:18:47 [root] INFO: >>>>>>>>>>>>>exists<<<<<<<<<<<<<<
2020-08-14 21:18:47 [root] INFO: >>>>>>>>>>>>>exists<<<<<<<<<<<<<<
2020-08-14 21:18:47 [root] INFO: >>>>>>>>>>>>>exists<<<<<<<<<<<<<<
2020-08-14 21:18:47 [root] INFO: >>>>>>>>>>>>>exists<<<<<<<<<<<<<<
2020-08-14 21:18:47 [root] INFO: >>>>>>>>>>>>>exists<<<<<<<<<<<<<<
2020-08-14 21:18:47 [root] INFO: >>>>>>>>>>>>>exists<<<<<<<<<<<<<<
2020-08-14 21:18:47 [root] INFO: >>>>>>>>>>>>>exists<<<<<<<<<<<<<<
2020-08-14 21:18:47 [root] INFO: >>>>>>>>>>>>>exists<<<<<<<<<<<<<<
2020-08-14 21:18:47 [root] INFO: >>>>>>>>>>>>>exists<<<<<<<<<<<<<<
2020-08-14 21:18:47 [root] INFO: >>>>>>>>>>>>>exists<<<<<<<<<<<<<<
2020-08-14 21:18:47 [root] INFO: >>>>>>>>>>>>>exists<<<<<<<<<<<<<<
2020-08-14 21:18:47 [root] INFO: >>>>>>>>>>>>>exists<<<<<<<<<<<<<<
2020-08-14 21:18:47 [root] INFO: >>>>>>>>>>>>>exists<<<<<<<<<<<<<<
2020-08-14 21:18:47 [root] INFO: >>>>>>>>>>>>>exists<<<<<<<<<<<<<<
2020-08-14 21:18:47 [root] INFO: >>>>>>>>>>>>>exists<<<<<<<<<<<<<<
2020-08-14 21:18:47 [root] INFO: >>>>>>>>>>>>>exists<<<<<<<<<<<<<<
2020-08-14 21:18:47 [root] INFO: >>>>>>>>>>>>>exists<<<<<<<<<<<<<<
2020-08-14 21:18:47 [root] INFO: >>>>>>>>>>>>>exists<<<<<<<<<<<<<<
2020-08-14 21:18:47 [root] INFO: >>>>>>>>>>>>>exists<<<<<<<<<<<<<<
2020-08-14 21:18:47 [root] INFO: >>>>>>>>>>>>>exists<<<<<<<<<<<<<<
2020-08-14 21:18:47 [root] INFO: >>>>>>>>>>>>>exists<<<<<<<<<<<<<<
2020-08-14 21:18:47 [root] INFO: >>>>>>>>>>>>>exists<<<<<<<<<<<<<<
2020-08-14 21:18:47 [root] INFO: >>>>>>>>>>>>>exists<<<<<<<<<<<<<<
2020-08-14 21:18:47 [root] INFO: >>>>>>>>>>>>>exists<<<<<<<<<<<<<<
2020-08-14 21:18:47 [root] INFO: >>>>>>>>>>>>>exists<<<<<<<<<<<<<<
2020-08-14 21:18:47 [root] INFO: >>>>>>>>>>>>>exists<<<<<<<<<<<<<<
2020-08-14 21:18:47 [root] INFO: >>>>>>>>>>>>>exists<<<<<<<<<<<<<<
2020-08-14 21:18:47 [root] INFO: >>>>>>>>>>>>>exists<<<<<<<<<<<<<<
2020-08-14 21:18:47 [root] INFO: >>>>>>>>>>>>>exists<<<<<<<<<<<<<<
2020-08-14 21:18:47 [root] INFO: >>>>>>>>>>>>>exists<<<<<<<<<<<<<<
2020-08-14 21:18:47 [root] INFO: >>>>>>>>>>>>>exists<<<<<<<<<<<<<<
2020-08-14 21:18:47 [root] INFO: >>>>>>>>>>>>>exists<<<<<<<<<<<<<<
2020-08-14 21:18:47 [root] INFO: >>>>>>>>>>>>>exists<<<<<<<<<<<<<<
2020-08-14 21:18:47 [root] INFO: >>>>>>>>>>>>>exists<<<<<<<<<<<<<<
2020-08-14 21:18:47 [root] INFO: >>>>>>>>>>>>>exists<<<<<<<<<<<<<<
2020-08-14 21:18:47 [root] INFO: >>>>>>>>>>>>>exists<<<<<<<<<<<<<<
2020-08-14 21:18:47 [root] INFO: >>>>>>>>>>>>>exists<<<<<<<<<<<<<<
2020-08-14 21:18:47 [root] INFO: >>>>>>>>>>>>>exists<<<<<<<<<<<<<<
2020-08-14 21:18:47 [root] INFO: >>>>>>>>>>>>>exists<<<<<<<<<<<<<<
2020-08-14 21:18:47 [root] INFO: >>>>>>>>>>>>>exists<<<<<<<<<<<<<<
2020-08-14 21:18:47 [root] INFO: >>>>>>>>>>>>>exists<<<<<<<<<<<<<<
2020-08-14 21:18:47 [root] INFO: >>>>>>>>>>>>>exists<<<<<<<<<<<<<<
2020-08-14 21:18:47 [root] INFO: >>>>>>>>>>>>>exists<<<<<<<<<<<<<<
2020-08-14 21:18:47 [root] INFO: >>>>>>>>>>>>>exists<<<<<<<<<<<<<<
2020-08-14 21:18:47 [root] INFO: >>>>>>>>>>>>>exists<<<<<<<<<<<<<<
2020-08-14 21:18:47 [root] INFO: >>>>>>>>>>>>>exists<<<<<<<<<<<<<<
2020-08-14 21:18:47 [root] INFO: >>>>>>>>>>>>>exists<<<<<<<<<<<<<<
2020-08-14 21:18:47 [root] INFO: >>>>>>>>>>>>>exists<<<<<<<<<<<<<<
2020-08-14 21:18:47 [root] INFO: >>>>>>>>>>>>>exists<<<<<<<<<<<<<<
2020-08-14 21:18:47 [root] INFO: >>>>>>>>>>>>>exists<<<<<<<<<<<<<<
2020-08-14 21:18:47 [root] INFO: >>>>>>>>>>>>>exists<<<<<<<<<<<<<<
2020-08-14 21:18:47 [root] INFO: >>>>>>>>>>>>>exists<<<<<<<<<<<<<<
2020-08-14 21:18:47 [root] INFO: >>>>>>>>>>>>>exists<<<<<<<<<<<<<<
2020-08-14 21:18:47 [root] INFO: >>>>>>>>>>>>>exists<<<<<<<<<<<<<<
2020-08-14 21:18:47 [root] INFO: >>>>>>>>>>>>>exists<<<<<<<<<<<<<<
2020-08-14 21:18:47 [root] INFO: >>>>>>>>>>>>>exists<<<<<<<<<<<<<<
2020-08-14 21:18:47 [root] INFO: >>>>>>>>>>>>>exists<<<<<<<<<<<<<<
2020-08-14 21:18:47 [root] INFO: >>>>>>>>>>>>>exists<<<<<<<<<<<<<<
2020-08-14 21:18:47 [root] INFO: >>>>>>>>>>>>>exists<<<<<<<<<<<<<<
2020-08-14 21:18:47 [root] INFO: >>>>>>>>>>>>>exists<<<<<<<<<<<<<<
2020-08-14 21:18:47 [root] INFO: >>>>>>>>>>>>>exists<<<<<<<<<<<<<<
2020-08-14 21:18:47 [root] INFO: >>>>>>>>>>>>>exists<<<<<<<<<<<<<<
2020-08-14 21:18:47 [root] INFO: >>>>>>>>>>>>>exists<<<<<<<<<<<<<<
2020-08-14 21:18:47 [root] INFO: >>>>>>>>>>>>>exists<<<<<<<<<<<<<<
2020-08-14 21:18:47 [root] INFO: >>>>>>>>>>>>>exists<<<<<<<<<<<<<<
2020-08-14 21:18:47 [root] INFO: >>>>>>>>>>>>>exists<<<<<<<<<<<<<<
2020-08-14 21:18:47 [root] INFO: >>>>>>>>>>>>>exists<<<<<<<<<<<<<<
2020-08-14 21:18:47 [root] INFO: >>>>>>>>>>>>>exists<<<<<<<<<<<<<<
2020-08-14 21:18:47 [root] INFO: >>>>>>>>>>>>>exists<<<<<<<<<<<<<<
2020-08-14 21:18:47 [root] INFO: >>>>>>>>>>>>>exists<<<<<<<<<<<<<<
2020-08-14 21:18:47 [root] INFO: >>>>>>>>>>>>>exists<<<<<<<<<<<<<<
2020-08-14 21:18:47 [root] INFO: >>>>>>>>>>>>>exists<<<<<<<<<<<<<<
2020-08-14 21:18:47 [root] INFO: >>>>>>>>>>>>>exists<<<<<<<<<<<<<<
2020-08-14 21:18:47 [root] INFO: >>>>>>>>>>>>>exists<<<<<<<<<<<<<<
2020-08-14 21:18:47 [root] INFO: >>>>>>>>>>>>>exists<<<<<<<<<<<<<<
2020-08-14 21:18:47 [root] INFO: >>>>>>>>>>>>>exists<<<<<<<<<<<<<<
2020-08-14 21:18:47 [root] INFO: >>>>>>>>>>>>>exists<<<<<<<<<<<<<<
2020-08-14 21:18:47 [root] INFO: >>>>>>>>>>>>>exists<<<<<<<<<<<<<<
2020-08-14 21:18:47 [root] INFO: >>>>>>>>>>>>>exists<<<<<<<<<<<<<<
2020-08-14 21:18:47 [root] INFO: >>>>>>>>>>>>>exists<<<<<<<<<<<<<<
2020-08-14 21:18:47 [root] INFO: >>>>>>>>>>>>>exists<<<<<<<<<<<<<<
2020-08-14 21:18:47 [root] INFO: >>>>>>>>>>>>>exists<<<<<<<<<<<<<<
2020-08-14 21:18:47 [root] INFO: >>>>>>>>>>>>>exists<<<<<<<<<<<<<<
2020-08-14 21:18:47 [root] INFO: >>>>>>>>>>>>>exists<<<<<<<<<<<<<<
2020-08-14 21:18:47 [root] INFO: >>>>>>>>>>>>>exists<<<<<<<<<<<<<<
2020-08-14 21:18:47 [root] INFO: >>>>>>>>>>>>>exists<<<<<<<<<<<<<<
2020-08-14 21:18:47 [root] INFO: >>>>>>>>>>>>>exists<<<<<<<<<<<<<<
2020-08-14 21:18:47 [root] INFO: >>>>>>>>>>>>>exists<<<<<<<<<<<<<<
2020-08-14 21:18:47 [root] INFO: >>>>>>>>>>>>>exists<<<<<<<<<<<<<<
2020-08-14 21:18:47 [root] INFO: >>>>>>>>>>>>>exists<<<<<<<<<<<<<<
2020-08-14 21:18:47 [root] INFO: >>>>>>>>>>>>>exists<<<<<<<<<<<<<<
2020-08-14 21:18:47 [root] INFO: >>>>>>>>>>>>>exists<<<<<<<<<<<<<<
2020-08-14 21:18:47 [root] INFO: >>>>>>>>>>>>>exists<<<<<<<<<<<<<<
2020-08-14 21:18:47 [root] INFO: >>>>>>>>>>>>>exists<<<<<<<<<<<<<<
2020-08-14 21:18:47 [root] INFO: >>>>>>>>>>>>>exists<<<<<<<<<<<<<<
2020-08-14 21:18:47 [root] INFO: >>>>>>>>>>>>>exists<<<<<<<<<<<<<<
2020-08-14 21:18:47 [root] INFO: >>>>>>>>>>>>>exists<<<<<<<<<<<<<<
2020-08-14 21:18:47 [root] INFO: >>>>>>>>>>>>>exists<<<<<<<<<<<<<<
2020-08-14 21:18:47 [root] INFO: >>>>>>>>>>>>>exists<<<<<<<<<<<<<<
2020-08-14 21:18:47 [root] INFO: >>>>>>>>>>>>>exists<<<<<<<<<<<<<<
2020-08-14 21:18:47 [root] INFO: >>>>>>>>>>>>>exists<<<<<<<<<<<<<<
2020-08-14 21:18:47 [root] INFO: >>>>>>>>>>>>>exists<<<<<<<<<<<<<<
2020-08-14 21:18:47 [root] INFO: >>>>>>>>>>>>>exists<<<<<<<<<<<<<<
2020-08-14 21:18:47 [root] INFO: >>>>>>>>>>>>>exists<<<<<<<<<<<<<<
2020-08-14 21:18:47 [root] INFO: >>>>>>>>>>>>>exists<<<<<<<<<<<<<<
2020-08-14 21:18:47 [root] INFO: >>>>>>>>>>>>>exists<<<<<<<<<<<<<<
2020-08-14 21:18:47 [root] INFO: >>>>>>>>>>>>>exists<<<<<<<<<<<<<<
2020-08-14 21:18:47 [root] INFO: >>>>>>>>>>>>>exists<<<<<<<<<<<<<<
2020-08-14 21:18:47 [root] INFO: >>>>>>>>>>>>>exists<<<<<<<<<<<<<<
2020-08-14 21:18:47 [root] INFO: >>>>>>>>>>>>>exists<<<<<<<<<<<<<<
2020-08-14 21:18:47 [root] INFO: >>>>>>>>>>>>>exists<<<<<<<<<<<<<<
2020-08-14 21:18:47 [root] INFO: >>>>>>>>>>>>>exists<<<<<<<<<<<<<<
2020-08-14 21:18:47 [root] INFO: >>>>>>>>>>>>>exists<<<<<<<<<<<<<<
2020-08-14 21:18:47 [root] INFO: >>>>>>>>>>>>>exists<<<<<<<<<<<<<<
2020-08-14 21:18:47 [root] INFO: >>>>>>>>>>>>>exists<<<<<<<<<<<<<<
2020-08-14 21:18:47 [root] INFO: >>>>>>>>>>>>>exists<<<<<<<<<<<<<<
2020-08-14 21:18:47 [root] INFO: >>>>>>>>>>>>>exists<<<<<<<<<<<<<<
2020-08-14 21:18:47 [root] INFO: >>>>>>>>>>>>>exists<<<<<<<<<<<<<<
2020-08-14 21:18:47 [root] INFO: >>>>>>>>>>>>>exists<<<<<<<<<<<<<<
2020-08-14 21:18:47 [root] INFO: >>>>>>>>>>>>>exists<<<<<<<<<<<<<<
2020-08-14 21:18:47 [root] INFO: >>>>>>>>>>>>>exists<<<<<<<<<<<<<<
2020-08-14 21:18:47 [root] INFO: >>>>>>>>>>>>>exists<<<<<<<<<<<<<<
2020-08-14 21:18:47 [root] INFO: >>>>>>>>>>>>>exists<<<<<<<<<<<<<<
2020-08-14 21:18:47 [root] INFO: >>>>>>>>>>>>>exists<<<<<<<<<<<<<<
2020-08-14 21:18:47 [root] INFO: >>>>>>>>>>>>>exists<<<<<<<<<<<<<<
2020-08-14 21:18:47 [root] INFO: >>>>>>>>>>>>>exists<<<<<<<<<<<<<<
2020-08-14 21:18:47 [root] INFO: >>>>>>>>>>>>>exists<<<<<<<<<<<<<<
2020-08-14 21:18:47 [root] INFO: >>>>>>>>>>>>>exists<<<<<<<<<<<<<<
2020-08-14 21:18:47 [root] INFO: >>>>>>>>>>>>>exists<<<<<<<<<<<<<<
2020-08-14 21:18:47 [root] INFO: >>>>>>>>>>>>>exists<<<<<<<<<<<<<<
2020-08-14 21:18:47 [root] INFO: >>>>>>>>>>>>>exists<<<<<<<<<<<<<<
2020-08-14 21:18:47 [root] INFO: >>>>>>>>>>>>>exists<<<<<<<<<<<<<<
2020-08-14 21:18:47 [root] INFO: >>>>>>>>>>>>>exists<<<<<<<<<<<<<<
2020-08-14 21:18:47 [root] INFO: >>>>>>>>>>>>>exists<<<<<<<<<<<<<<
2020-08-14 21:18:47 [root] INFO: >>>>>>>>>>>>>exists<<<<<<<<<<<<<<
2020-08-14 21:18:47 [root] INFO: >>>>>>>>>>>>>exists<<<<<<<<<<<<<<
2020-08-14 21:18:47 [root] INFO: >>>>>>>>>>>>>exists<<<<<<<<<<<<<<
2020-08-14 21:18:47 [root] INFO: >>>>>>>>>>>>>exists<<<<<<<<<<<<<<
2020-08-14 21:18:47 [root] INFO: >>>>>>>>>>>>>exists<<<<<<<<<<<<<<
2020-08-14 21:18:47 [root] INFO: >>>>>>>>>>>>>exists<<<<<<<<<<<<<<
2020-08-14 21:18:47 [root] INFO: >>>>>>>>>>>>>exists<<<<<<<<<<<<<<
2020-08-14 21:18:47 [root] INFO: >>>>>>>>>>>>>exists<<<<<<<<<<<<<<
2020-08-14 21:18:47 [root] INFO: >>>>>>>>>>>>>exists<<<<<<<<<<<<<<
2020-08-14 21:18:47 [root] INFO: >>>>>>>>>>>>>exists<<<<<<<<<<<<<<
2020-08-14 21:18:47 [root] INFO: >>>>>>>>>>>>>exists<<<<<<<<<<<<<<
2020-08-14 21:18:47 [root] INFO: >>>>>>>>>>>>>exists<<<<<<<<<<<<<<
2020-08-14 21:18:47 [root] INFO: >>>>>>>>>>>>>exists<<<<<<<<<<<<<<
2020-08-14 21:18:47 [root] INFO: >>>>>>>>>>>>>exists<<<<<<<<<<<<<<
2020-08-14 21:18:47 [root] INFO: >>>>>>>>>>>>>exists<<<<<<<<<<<<<<
2020-08-14 21:18:47 [root] INFO: >>>>>>>>>>>>>exists<<<<<<<<<<<<<<
2020-08-14 21:18:47 [root] INFO: >>>>>>>>>>>>>exists<<<<<<<<<<<<<<
2020-08-14 21:18:47 [root] INFO: >>>>>>>>>>>>>exists<<<<<<<<<<<<<<
2020-08-14 21:18:47 [root] INFO: >>>>>>>>>>>>>exists<<<<<<<<<<<<<<
2020-08-14 21:18:47 [root] INFO: >>>>>>>>>>>>>exists<<<<<<<<<<<<<<
2020-08-14 21:18:47 [root] INFO: >>>>>>>>>>>>>exists<<<<<<<<<<<<<<
2020-08-14 21:18:47 [root] INFO: >>>>>>>>>>>>>exists<<<<<<<<<<<<<<
2020-08-14 21:18:47 [root] INFO: >>>>>>>>>>>>>exists<<<<<<<<<<<<<<
2020-08-14 21:18:47 [root] INFO: >>>>>>>>>>>>>exists<<<<<<<<<<<<<<
2020-08-14 21:18:47 [root] INFO: >>>>>>>>>>>>>exists<<<<<<<<<<<<<<
2020-08-14 21:18:47 [root] INFO: >>>>>>>>>>>>>exists<<<<<<<<<<<<<<
2020-08-14 21:18:47 [root] INFO: >>>>>>>>>>>>>exists<<<<<<<<<<<<<<
2020-08-14 21:18:47 [root] INFO: >>>>>>>>>>>>>exists<<<<<<<<<<<<<<
2020-08-14 21:18:47 [root] INFO: >>>>>>>>>>>>>exists<<<<<<<<<<<<<<
2020-08-14 21:18:47 [root] INFO: >>>>>>>>>>>>>exists<<<<<<<<<<<<<<
2020-08-14 21:18:47 [root] INFO: >>>>>>>>>>>>>exists<<<<<<<<<<<<<<
2020-08-14 21:18:47 [root] INFO: >>>>>>>>>>>>>exists<<<<<<<<<<<<<<
2020-08-14 21:18:47 [root] INFO: >>>>>>>>>>>>>exists<<<<<<<<<<<<<<
2020-08-14 21:18:47 [root] INFO: >>>>>>>>>>>>>exists<<<<<<<<<<<<<<
2020-08-14 21:18:47 [root] INFO: >>>>>>>>>>>>>exists<<<<<<<<<<<<<<
2020-08-14 21:18:47 [root] INFO: >>>>>>>>>>>>>exists<<<<<<<<<<<<<<
2020-08-14 21:18:47 [root] INFO: >>>>>>>>>>>>>exists<<<<<<<<<<<<<<
2020-08-14 21:18:47 [root] INFO: >>>>>>>>>>>>>exists<<<<<<<<<<<<<<
2020-08-14 21:18:47 [root] INFO: >>>>>>>>>>>>>exists<<<<<<<<<<<<<<
2020-08-14 21:18:47 [root] INFO: >>>>>>>>>>>>>exists<<<<<<<<<<<<<<
2020-08-14 21:18:47 [root] INFO: >>>>>>>>>>>>>exists<<<<<<<<<<<<<<
2020-08-14 21:18:47 [root] INFO: >>>>>>>>>>>>>exists<<<<<<<<<<<<<<
2020-08-14 21:18:47 [root] INFO: >>>>>>>>>>>>>exists<<<<<<<<<<<<<<
2020-08-14 21:18:47 [root] INFO: >>>>>>>>>>>>>exists<<<<<<<<<<<<<<
2020-08-14 21:18:47 [root] INFO: >>>>>>>>>>>>>exists<<<<<<<<<<<<<<
2020-08-14 21:18:47 [root] INFO: >>>>>>>>>>>>>exists<<<<<<<<<<<<<<
2020-08-14 21:18:47 [root] INFO: >>>>>>>>>>>>>exists<<<<<<<<<<<<<<
2020-08-14 21:18:47 [root] INFO: >>>>>>>>>>>>>exists<<<<<<<<<<<<<<
2020-08-14 21:18:47 [root] INFO: >>>>>>>>>>>>>exists<<<<<<<<<<<<<<
2020-08-14 21:18:47 [root] INFO: >>>>>>>>>>>>>exists<<<<<<<<<<<<<<
2020-08-14 21:18:47 [root] INFO: >>>>>>>>>>>>>exists<<<<<<<<<<<<<<
2020-08-14 21:18:47 [root] INFO: >>>>>>>>>>>>>exists<<<<<<<<<<<<<<
2020-08-14 21:18:47 [root] INFO: >>>>>>>>>>>>>exists<<<<<<<<<<<<<<
2020-08-14 21:18:47 [root] INFO: >>>>>>>>>>>>>exists<<<<<<<<<<<<<<
2020-08-14 21:18:47 [root] INFO: >>>>>>>>>>>>>exists<<<<<<<<<<<<<<
2020-08-14 21:18:47 [root] INFO: >>>>>>>>>>>>>exists<<<<<<<<<<<<<<
2020-08-14 21:18:47 [root] INFO: >>>>>>>>>>>>>exists<<<<<<<<<<<<<<
2020-08-14 21:18:47 [root] INFO: >>>>>>>>>>>>>exists<<<<<<<<<<<<<<
2020-08-14 21:18:47 [root] INFO: >>>>>>>>>>>>>exists<<<<<<<<<<<<<<
2020-08-14 21:18:47 [root] INFO: >>>>>>>>>>>>>exists<<<<<<<<<<<<<<
2020-08-14 21:18:47 [root] INFO: >>>>>>>>>>>>>exists<<<<<<<<<<<<<<
2020-08-14 21:18:47 [root] INFO: >>>>>>>>>>>>>exists<<<<<<<<<<<<<<
2020-08-14 21:18:47 [root] INFO: >>>>>>>>>>>>>exists<<<<<<<<<<<<<<
2020-08-14 21:18:47 [root] INFO: >>>>>>>>>>>>>exists<<<<<<<<<<<<<<
2020-08-14 21:18:47 [root] INFO: >>>>>>>>>>>>>exists<<<<<<<<<<<<<<
2020-08-14 21:18:47 [root] INFO: >>>>>>>>>>>>>exists<<<<<<<<<<<<<<
2020-08-14 21:18:47 [root] INFO: >>>>>>>>>>>>>exists<<<<<<<<<<<<<<
2020-08-14 21:18:47 [root] INFO: >>>>>>>>>>>>>exists<<<<<<<<<<<<<<
2020-08-14 21:18:47 [root] INFO: >>>>>>>>>>>>>exists<<<<<<<<<<<<<<
2020-08-14 21:18:47 [root] INFO: >>>>>>>>>>>>>exists<<<<<<<<<<<<<<
2020-08-14 21:18:47 [root] INFO: >>>>>>>>>>>>>exists<<<<<<<<<<<<<<
2020-08-14 21:18:47 [root] INFO: >>>>>>>>>>>>>exists<<<<<<<<<<<<<<
2020-08-14 21:18:47 [root] INFO: >>>>>>>>>>>>>exists<<<<<<<<<<<<<<
2020-08-14 21:18:47 [root] INFO: >>>>>>>>>>>>>exists<<<<<<<<<<<<<<
2020-08-14 21:18:47 [root] INFO: >>>>>>>>>>>>>exists<<<<<<<<<<<<<<
2020-08-14 21:18:47 [root] INFO: >>>>>>>>>>>>>exists<<<<<<<<<<<<<<
2020-08-14 21:18:47 [root] INFO: >>>>>>>>>>>>>exists<<<<<<<<<<<<<<
2020-08-14 21:18:47 [root] INFO: >>>>>>>>>>>>>exists<<<<<<<<<<<<<<
2020-08-14 21:18:47 [root] INFO: >>>>>>>>>>>>>exists<<<<<<<<<<<<<<
2020-08-14 21:18:47 [root] INFO: >>>>>>>>>>>>>exists<<<<<<<<<<<<<<
2020-08-14 21:18:47 [root] INFO: >>>>>>>>>>>>>exists<<<<<<<<<<<<<<
2020-08-14 21:18:47 [root] INFO: >>>>>>>>>>>>>exists<<<<<<<<<<<<<<
2020-08-14 21:18:47 [root] INFO: >>>>>>>>>>>>>exists<<<<<<<<<<<<<<
2020-08-14 21:18:47 [root] INFO: >>>>>>>>>>>>>exists<<<<<<<<<<<<<<
2020-08-14 21:18:47 [root] INFO: >>>>>>>>>>>>>exists<<<<<<<<<<<<<<
2020-08-14 21:18:47 [root] INFO: >>>>>>>>>>>>>exists<<<<<<<<<<<<<<
2020-08-14 21:18:47 [root] INFO: >>>>>>>>>>>>>exists<<<<<<<<<<<<<<
2020-08-14 21:18:47 [root] INFO: >>>>>>>>>>>>>exists<<<<<<<<<<<<<<
2020-08-14 21:18:47 [root] INFO: >>>>>>>>>>>>>exists<<<<<<<<<<<<<<
2020-08-14 21:18:47 [root] INFO: >>>>>>>>>>>>>exists<<<<<<<<<<<<<<
2020-08-14 21:18:47 [root] INFO: >>>>>>>>>>>>>exists<<<<<<<<<<<<<<
2020-08-14 21:18:47 [root] INFO: >>>>>>>>>>>>>exists<<<<<<<<<<<<<<
2020-08-14 21:18:47 [root] INFO: >>>>>>>>>>>>>exists<<<<<<<<<<<<<<
2020-08-14 21:18:47 [root] INFO: >>>>>>>>>>>>>exists<<<<<<<<<<<<<<
2020-08-14 21:18:47 [root] INFO: >>>>>>>>>>>>>exists<<<<<<<<<<<<<<
2020-08-14 21:18:47 [root] INFO: >>>>>>>>>>>>>exists<<<<<<<<<<<<<<
2020-08-14 21:18:47 [root] INFO: >>>>>>>>>>>>>exists<<<<<<<<<<<<<<
2020-08-14 21:18:47 [root] INFO: >>>>>>>>>>>>>exists<<<<<<<<<<<<<<
2020-08-14 21:18:47 [root] INFO: >>>>>>>>>>>>>exists<<<<<<<<<<<<<<
2020-08-14 21:18:47 [root] INFO: >>>>>>>>>>>>>exists<<<<<<<<<<<<<<
2020-08-14 21:18:47 [root] INFO: >>>>>>>>>>>>>exists<<<<<<<<<<<<<<
2020-08-14 21:18:47 [root] INFO: >>>>>>>>>>>>>exists<<<<<<<<<<<<<<
2020-08-14 21:18:47 [root] INFO: >>>>>>>>>>>>>exists<<<<<<<<<<<<<<
2020-08-14 21:18:47 [root] INFO: >>>>>>>>>>>>>exists<<<<<<<<<<<<<<
2020-08-14 21:18:47 [root] INFO: >>>>>>>>>>>>>exists<<<<<<<<<<<<<<
2020-08-14 21:18:47 [root] INFO: >>>>>>>>>>>>>exists<<<<<<<<<<<<<<
2020-08-14 21:18:47 [root] INFO: >>>>>>>>>>>>>exists<<<<<<<<<<<<<<
2020-08-14 21:18:47 [root] INFO: >>>>>>>>>>>>>exists<<<<<<<<<<<<<<
2020-08-14 21:18:47 [root] INFO: >>>>>>>>>>>>>exists<<<<<<<<<<<<<<
2020-08-14 21:18:47 [root] INFO: >>>>>>>>>>>>>exists<<<<<<<<<<<<<<
2020-08-14 21:18:47 [root] INFO: >>>>>>>>>>>>>exists<<<<<<<<<<<<<<
2020-08-14 21:18:47 [root] INFO: >>>>>>>>>>>>>exists<<<<<<<<<<<<<<
2020-08-14 21:18:47 [root] INFO: >>>>>>>>>>>>>exists<<<<<<<<<<<<<<
2020-08-14 21:18:47 [root] INFO: >>>>>>>>>>>>>exists<<<<<<<<<<<<<<
2020-08-14 21:18:47 [root] INFO: >>>>>>>>>>>>>exists<<<<<<<<<<<<<<
2020-08-14 21:18:47 [root] INFO: >>>>>>>>>>>>>exists<<<<<<<<<<<<<<
2020-08-14 21:18:47 [root] INFO: >>>>>>>>>>>>>exists<<<<<<<<<<<<<<
2020-08-14 21:18:47 [root] INFO: >>>>>>>>>>>>>exists<<<<<<<<<<<<<<
2020-08-14 21:18:47 [root] INFO: >>>>>>>>>>>>>exists<<<<<<<<<<<<<<
2020-08-14 21:18:47 [root] INFO: >>>>>>>>>>>>>exists<<<<<<<<<<<<<<
2020-08-14 21:18:47 [root] INFO: >>>>>>>>>>>>>exists<<<<<<<<<<<<<<
2020-08-14 21:18:47 [root] INFO: >>>>>>>>>>>>>exists<<<<<<<<<<<<<<
2020-08-14 21:18:47 [root] INFO: >>>>>>>>>>>>>exists<<<<<<<<<<<<<<
2020-08-14 21:18:47 [root] INFO: >>>>>>>>>>>>>exists<<<<<<<<<<<<<<
2020-08-14 21:18:47 [root] INFO: >>>>>>>>>>>>>exists<<<<<<<<<<<<<<
2020-08-14 21:18:47 [root] INFO: >>>>>>>>>>>>>exists<<<<<<<<<<<<<<
2020-08-14 21:18:47 [root] INFO: >>>>>>>>>>>>>exists<<<<<<<<<<<<<<
2020-08-14 21:18:47 [root] INFO: >>>>>>>>>>>>>exists<<<<<<<<<<<<<<
2020-08-14 21:18:47 [root] INFO: >>>>>>>>>>>>>exists<<<<<<<<<<<<<<
2020-08-14 21:18:47 [root] INFO: >>>>>>>>>>>>>exists<<<<<<<<<<<<<<
2020-08-14 21:18:47 [root] INFO: >>>>>>>>>>>>>exists<<<<<<<<<<<<<<
2020-08-14 21:18:47 [root] INFO: >>>>>>>>>>>>>exists<<<<<<<<<<<<<<
2020-08-14 21:18:47 [root] INFO: >>>>>>>>>>>>>exists<<<<<<<<<<<<<<
2020-08-14 21:18:47 [root] INFO: >>>>>>>>>>>>>exists<<<<<<<<<<<<<<
2020-08-14 21:18:47 [root] INFO: >>>>>>>>>>>>>exists<<<<<<<<<<<<<<
2020-08-14 21:18:47 [root] INFO: >>>>>>>>>>>>>exists<<<<<<<<<<<<<<
2020-08-14 21:18:47 [root] INFO: >>>>>>>>>>>>>exists<<<<<<<<<<<<<<
2020-08-14 21:18:47 [root] INFO: >>>>>>>>>>>>>exists<<<<<<<<<<<<<<
2020-08-14 21:18:47 [root] INFO: >>>>>>>>>>>>>exists<<<<<<<<<<<<<<
2020-08-14 21:18:47 [root] INFO: >>>>>>>>>>>>>exists<<<<<<<<<<<<<<
2020-08-14 21:18:47 [root] INFO: >>>>>>>>>>>>>exists<<<<<<<<<<<<<<
2020-08-14 21:18:47 [root] INFO: >>>>>>>>>>>>>exists<<<<<<<<<<<<<<
2020-08-14 21:18:47 [root] INFO: >>>>>>>>>>>>>exists<<<<<<<<<<<<<<
2020-08-14 21:18:47 [root] INFO: >>>>>>>>>>>>>exists<<<<<<<<<<<<<<
2020-08-14 21:18:47 [root] INFO: >>>>>>>>>>>>>exists<<<<<<<<<<<<<<
2020-08-14 21:18:47 [root] INFO: >>>>>>>>>>>>>exists<<<<<<<<<<<<<<
2020-08-14 21:18:47 [root] INFO: >>>>>>>>>>>>>exists<<<<<<<<<<<<<<
2020-08-14 21:18:47 [root] INFO: >>>>>>>>>>>>>exists<<<<<<<<<<<<<<
2020-08-14 21:18:47 [root] INFO: >>>>>>>>>>>>>exists<<<<<<<<<<<<<<
2020-08-14 21:18:47 [root] INFO: >>>>>>>>>>>>>exists<<<<<<<<<<<<<<
2020-08-14 21:18:47 [root] INFO: >>>>>>>>>>>>>exists<<<<<<<<<<<<<<
2020-08-14 21:18:47 [root] INFO: >>>>>>>>>>>>>exists<<<<<<<<<<<<<<
2020-08-14 21:18:47 [root] INFO: >>>>>>>>>>>>>exists<<<<<<<<<<<<<<
2020-08-14 21:18:47 [root] INFO: >>>>>>>>>>>>>exists<<<<<<<<<<<<<<
2020-08-14 21:18:47 [root] INFO: >>>>>>>>>>>>>exists<<<<<<<<<<<<<<
2020-08-14 21:18:47 [root] INFO: >>>>>>>>>>>>>exists<<<<<<<<<<<<<<
2020-08-14 21:18:47 [root] INFO: >>>>>>>>>>>>>exists<<<<<<<<<<<<<<
2020-08-14 21:18:47 [root] INFO: >>>>>>>>>>>>>exists<<<<<<<<<<<<<<
2020-08-14 21:18:47 [root] INFO: >>>>>>>>>>>>>exists<<<<<<<<<<<<<<
2020-08-14 21:18:47 [root] INFO: >>>>>>>>>>>>>exists<<<<<<<<<<<<<<
2020-08-14 21:18:47 [root] INFO: >>>>>>>>>>>>>exists<<<<<<<<<<<<<<
2020-08-14 21:18:47 [root] INFO: >>>>>>>>>>>>>exists<<<<<<<<<<<<<<
2020-08-14 21:18:47 [root] INFO: >>>>>>>>>>>>>exists<<<<<<<<<<<<<<
2020-08-14 21:18:47 [root] INFO: >>>>>>>>>>>>>exists<<<<<<<<<<<<<<
2020-08-14 21:18:47 [root] INFO: >>>>>>>>>>>>>exists<<<<<<<<<<<<<<
2020-08-14 21:18:47 [root] INFO: >>>>>>>>>>>>>exists<<<<<<<<<<<<<<
2020-08-14 21:18:47 [root] INFO: >>>>>>>>>>>>>exists<<<<<<<<<<<<<<
2020-08-14 21:18:47 [root] INFO: >>>>>>>>>>>>>exists<<<<<<<<<<<<<<
2020-08-14 21:18:47 [root] INFO: >>>>>>>>>>>>>exists<<<<<<<<<<<<<<
2020-08-14 21:18:47 [root] INFO: >>>>>>>>>>>>>exists<<<<<<<<<<<<<<
2020-08-14 21:18:47 [root] INFO: >>>>>>>>>>>>>exists<<<<<<<<<<<<<<
2020-08-14 21:18:47 [root] INFO: >>>>>>>>>>>>>exists<<<<<<<<<<<<<<
2020-08-14 21:18:47 [root] INFO: >>>>>>>>>>>>>exists<<<<<<<<<<<<<<
2020-08-14 21:18:47 [root] INFO: >>>>>>>>>>>>>exists<<<<<<<<<<<<<<
2020-08-14 21:18:47 [root] INFO: >>>>>>>>>>>>>exists<<<<<<<<<<<<<<
2020-08-14 21:18:47 [root] INFO: >>>>>>>>>>>>>exists<<<<<<<<<<<<<<
2020-08-14 21:18:47 [root] INFO: >>>>>>>>>>>>>exists<<<<<<<<<<<<<<
2020-08-14 21:18:47 [root] INFO: >>>>>>>>>>>>>exists<<<<<<<<<<<<<<
2020-08-14 21:18:47 [root] INFO: >>>>>>>>>>>>>exists<<<<<<<<<<<<<<
2020-08-14 21:18:47 [root] INFO: >>>>>>>>>>>>>exists<<<<<<<<<<<<<<
2020-08-14 21:18:47 [root] INFO: >>>>>>>>>>>>>exists<<<<<<<<<<<<<<
2020-08-14 21:18:47 [root] INFO: >>>>>>>>>>>>>exists<<<<<<<<<<<<<<
2020-08-14 21:18:47 [root] INFO: >>>>>>>>>>>>>exists<<<<<<<<<<<<<<
2020-08-14 21:18:47 [root] INFO: >>>>>>>>>>>>>exists<<<<<<<<<<<<<<
2020-08-14 21:18:47 [root] INFO: >>>>>>>>>>>>>exists<<<<<<<<<<<<<<
2020-08-14 21:18:47 [root] INFO: >>>>>>>>>>>>>exists<<<<<<<<<<<<<<
2020-08-14 21:18:47 [root] INFO: >>>>>>>>>>>>>exists<<<<<<<<<<<<<<
2020-08-14 21:18:47 [root] INFO: >>>>>>>>>>>>>exists<<<<<<<<<<<<<<
2020-08-14 21:18:48 [root] INFO: >>>>>>>>>>>>>exists<<<<<<<<<<<<<<
2020-08-14 21:18:48 [root] INFO: >>>>>>>>>>>>>exists<<<<<<<<<<<<<<
2020-08-14 21:18:48 [root] INFO: >>>>>>>>>>>>>exists<<<<<<<<<<<<<<
2020-08-14 21:18:48 [root] INFO: >>>>>>>>>>>>>exists<<<<<<<<<<<<<<
2020-08-14 21:18:48 [root] INFO: >>>>>>>>>>>>>exists<<<<<<<<<<<<<<
2020-08-14 21:18:48 [root] INFO: >>>>>>>>>>>>>exists<<<<<<<<<<<<<<
2020-08-14 21:18:48 [root] INFO: >>>>>>>>>>>>>exists<<<<<<<<<<<<<<
2020-08-14 21:18:48 [root] INFO: >>>>>>>>>>>>>exists<<<<<<<<<<<<<<
2020-08-14 21:18:48 [root] INFO: >>>>>>>>>>>>>exists<<<<<<<<<<<<<<
2020-08-14 21:18:48 [root] INFO: >>>>>>>>>>>>>exists<<<<<<<<<<<<<<
2020-08-14 21:18:48 [root] INFO: >>>>>>>>>>>>>exists<<<<<<<<<<<<<<
2020-08-14 21:18:48 [root] INFO: >>>>>>>>>>>>>exists<<<<<<<<<<<<<<
2020-08-14 21:18:48 [root] INFO: >>>>>>>>>>>>>exists<<<<<<<<<<<<<<
2020-08-14 21:18:48 [root] INFO: >>>>>>>>>>>>>exists<<<<<<<<<<<<<<
2020-08-14 21:18:48 [root] INFO: >>>>>>>>>>>>>exists<<<<<<<<<<<<<<
2020-08-14 21:18:48 [root] INFO: >>>>>>>>>>>>>exists<<<<<<<<<<<<<<
2020-08-14 21:18:48 [root] INFO: >>>>>>>>>>>>>exists<<<<<<<<<<<<<<
2020-08-14 21:18:48 [root] INFO: >>>>>>>>>>>>>exists<<<<<<<<<<<<<<
2020-08-14 21:18:48 [root] INFO: >>>>>>>>>>>>>exists<<<<<<<<<<<<<<
2020-08-14 21:18:48 [root] INFO: >>>>>>>>>>>>>exists<<<<<<<<<<<<<<
2020-08-14 21:18:48 [root] INFO: >>>>>>>>>>>>>exists<<<<<<<<<<<<<<
2020-08-14 21:18:48 [root] INFO: >>>>>>>>>>>>>exists<<<<<<<<<<<<<<
2020-08-14 21:18:48 [root] INFO: >>>>>>>>>>>>>exists<<<<<<<<<<<<<<
2020-08-14 21:18:48 [root] INFO: >>>>>>>>>>>>>exists<<<<<<<<<<<<<<
2020-08-14 21:18:48 [root] INFO: >>>>>>>>>>>>>exists<<<<<<<<<<<<<<
2020-08-14 21:18:48 [root] INFO: >>>>>>>>>>>>>exists<<<<<<<<<<<<<<
2020-08-14 21:18:48 [root] INFO: >>>>>>>>>>>>>exists<<<<<<<<<<<<<<
2020-08-14 21:18:48 [root] INFO: >>>>>>>>>>>>>exists<<<<<<<<<<<<<<
2020-08-14 21:18:48 [root] INFO: >>>>>>>>>>>>>exists<<<<<<<<<<<<<<
2020-08-14 21:18:48 [root] INFO: >>>>>>>>>>>>>exists<<<<<<<<<<<<<<
2020-08-14 21:18:48 [root] INFO: >>>>>>>>>>>>>exists<<<<<<<<<<<<<<
2020-08-14 21:18:48 [root] INFO: >>>>>>>>>>>>>exists<<<<<<<<<<<<<<
2020-08-14 21:18:48 [root] INFO: >>>>>>>>>>>>>exists<<<<<<<<<<<<<<
2020-08-14 21:18:48 [root] INFO: >>>>>>>>>>>>>exists<<<<<<<<<<<<<<
2020-08-14 21:18:48 [root] INFO: >>>>>>>>>>>>>exists<<<<<<<<<<<<<<
2020-08-14 21:18:48 [root] INFO: >>>>>>>>>>>>>exists<<<<<<<<<<<<<<
2020-08-14 21:18:48 [root] INFO: >>>>>>>>>>>>>exists<<<<<<<<<<<<<<
2020-08-14 21:18:48 [root] INFO: >>>>>>>>>>>>>exists<<<<<<<<<<<<<<
2020-08-14 21:18:48 [root] INFO: >>>>>>>>>>>>>exists<<<<<<<<<<<<<<
2020-08-14 21:18:48 [root] INFO: >>>>>>>>>>>>>exists<<<<<<<<<<<<<<
2020-08-14 21:18:48 [root] INFO: >>>>>>>>>>>>>exists<<<<<<<<<<<<<<
2020-08-14 21:18:48 [root] INFO: >>>>>>>>>>>>>exists<<<<<<<<<<<<<<
2020-08-14 21:18:48 [root] INFO: >>>>>>>>>>>>>exists<<<<<<<<<<<<<<
2020-08-14 21:18:48 [root] INFO: >>>>>>>>>>>>>exists<<<<<<<<<<<<<<
2020-08-14 21:18:48 [root] INFO: >>>>>>>>>>>>>exists<<<<<<<<<<<<<<
2020-08-14 21:18:48 [root] INFO: >>>>>>>>>>>>>exists<<<<<<<<<<<<<<
2020-08-14 21:18:48 [root] INFO: >>>>>>>>>>>>>exists<<<<<<<<<<<<<<
2020-08-14 21:18:48 [root] INFO: >>>>>>>>>>>>>exists<<<<<<<<<<<<<<
2020-08-14 21:18:48 [root] INFO: >>>>>>>>>>>>>exists<<<<<<<<<<<<<<
2020-08-14 21:18:48 [root] INFO: >>>>>>>>>>>>>exists<<<<<<<<<<<<<<
2020-08-14 21:18:48 [root] INFO: >>>>>>>>>>>>>exists<<<<<<<<<<<<<<
2020-08-14 21:18:48 [root] INFO: >>>>>>>>>>>>>exists<<<<<<<<<<<<<<
2020-08-14 21:18:48 [root] INFO: >>>>>>>>>>>>>exists<<<<<<<<<<<<<<
2020-08-14 21:18:48 [root] INFO: >>>>>>>>>>>>>exists<<<<<<<<<<<<<<
2020-08-14 21:18:48 [root] INFO: >>>>>>>>>>>>>exists<<<<<<<<<<<<<<
2020-08-14 21:18:48 [root] INFO: >>>>>>>>>>>>>exists<<<<<<<<<<<<<<
2020-08-14 21:18:48 [root] INFO: >>>>>>>>>>>>>exists<<<<<<<<<<<<<<
2020-08-14 21:18:48 [root] INFO: >>>>>>>>>>>>>exists<<<<<<<<<<<<<<
2020-08-14 21:18:48 [root] INFO: >>>>>>>>>>>>>exists<<<<<<<<<<<<<<
2020-08-14 21:18:48 [root] INFO: >>>>>>>>>>>>>exists<<<<<<<<<<<<<<
2020-08-14 21:18:48 [root] INFO: >>>>>>>>>>>>>exists<<<<<<<<<<<<<<
2020-08-14 21:18:48 [root] INFO: >>>>>>>>>>>>>exists<<<<<<<<<<<<<<
2020-08-14 21:18:48 [root] INFO: >>>>>>>>>>>>>exists<<<<<<<<<<<<<<
2020-08-14 21:18:48 [root] INFO: >>>>>>>>>>>>>exists<<<<<<<<<<<<<<
2020-08-14 21:18:48 [root] INFO: >>>>>>>>>>>>>exists<<<<<<<<<<<<<<
2020-08-14 21:18:48 [root] INFO: >>>>>>>>>>>>>exists<<<<<<<<<<<<<<
2020-08-14 21:18:48 [root] INFO: >>>>>>>>>>>>>exists<<<<<<<<<<<<<<
2020-08-14 21:18:48 [root] INFO: >>>>>>>>>>>>>exists<<<<<<<<<<<<<<
2020-08-14 21:18:48 [root] INFO: >>>>>>>>>>>>>exists<<<<<<<<<<<<<<
2020-08-14 21:18:48 [root] INFO: >>>>>>>>>>>>>exists<<<<<<<<<<<<<<
2020-08-14 21:18:48 [root] INFO: >>>>>>>>>>>>>exists<<<<<<<<<<<<<<
2020-08-14 21:18:48 [root] INFO: >>>>>>>>>>>>>exists<<<<<<<<<<<<<<
2020-08-14 21:18:48 [root] INFO: >>>>>>>>>>>>>exists<<<<<<<<<<<<<<
2020-08-14 21:18:48 [root] INFO: >>>>>>>>>>>>>exists<<<<<<<<<<<<<<
2020-08-14 21:18:48 [root] INFO: >>>>>>>>>>>>>exists<<<<<<<<<<<<<<
2020-08-14 21:18:48 [root] INFO: >>>>>>>>>>>>>exists<<<<<<<<<<<<<<
2020-08-14 21:18:48 [root] INFO: >>>>>>>>>>>>>exists<<<<<<<<<<<<<<
2020-08-14 21:18:48 [root] INFO: >>>>>>>>>>>>>exists<<<<<<<<<<<<<<
2020-08-14 21:18:48 [root] INFO: >>>>>>>>>>>>>exists<<<<<<<<<<<<<<
2020-08-14 21:18:48 [root] INFO: >>>>>>>>>>>>>exists<<<<<<<<<<<<<<
2020-08-14 21:18:48 [root] INFO: >>>>>>>>>>>>>exists<<<<<<<<<<<<<<
2020-08-14 21:18:48 [root] INFO: >>>>>>>>>>>>>exists<<<<<<<<<<<<<<
2020-08-14 21:18:48 [root] INFO: >>>>>>>>>>>>>exists<<<<<<<<<<<<<<
2020-08-14 21:18:48 [root] INFO: >>>>>>>>>>>>>exists<<<<<<<<<<<<<<
2020-08-14 21:18:48 [root] INFO: >>>>>>>>>>>>>exists<<<<<<<<<<<<<<
2020-08-14 21:18:48 [root] INFO: >>>>>>>>>>>>>exists<<<<<<<<<<<<<<
2020-08-14 21:18:48 [root] INFO: >>>>>>>>>>>>>exists<<<<<<<<<<<<<<
2020-08-14 21:18:48 [root] INFO: >>>>>>>>>>>>>exists<<<<<<<<<<<<<<
2020-08-14 21:18:48 [root] INFO: >>>>>>>>>>>>>exists<<<<<<<<<<<<<<
2020-08-14 21:18:48 [root] INFO: >>>>>>>>>>>>>exists<<<<<<<<<<<<<<
2020-08-14 21:18:48 [root] INFO: >>>>>>>>>>>>>exists<<<<<<<<<<<<<<
2020-08-14 21:18:48 [root] INFO: >>>>>>>>>>>>>exists<<<<<<<<<<<<<<
2020-08-14 21:18:48 [root] INFO: >>>>>>>>>>>>>exists<<<<<<<<<<<<<<
2020-08-14 21:18:48 [root] INFO: >>>>>>>>>>>>>exists<<<<<<<<<<<<<<
2020-08-14 21:18:48 [root] INFO: >>>>>>>>>>>>>exists<<<<<<<<<<<<<<
2020-08-14 21:18:48 [root] INFO: >>>>>>>>>>>>>exists<<<<<<<<<<<<<<
2020-08-14 21:18:48 [root] INFO: >>>>>>>>>>>>>exists<<<<<<<<<<<<<<
2020-08-14 21:18:48 [root] INFO: >>>>>>>>>>>>>exists<<<<<<<<<<<<<<
2020-08-14 21:18:48 [root] INFO: >>>>>>>>>>>>>exists<<<<<<<<<<<<<<
2020-08-14 21:18:48 [root] INFO: >>>>>>>>>>>>>exists<<<<<<<<<<<<<<
2020-08-14 21:18:48 [root] INFO: >>>>>>>>>>>>>exists<<<<<<<<<<<<<<
2020-08-14 21:18:48 [root] INFO: >>>>>>>>>>>>>exists<<<<<<<<<<<<<<
2020-08-14 21:18:48 [root] INFO: >>>>>>>>>>>>>exists<<<<<<<<<<<<<<
2020-08-14 21:18:48 [root] INFO: >>>>>>>>>>>>>exists<<<<<<<<<<<<<<
2020-08-14 21:18:48 [root] INFO: >>>>>>>>>>>>>exists<<<<<<<<<<<<<<
2020-08-14 21:18:48 [root] INFO: >>>>>>>>>>>>>exists<<<<<<<<<<<<<<
2020-08-14 21:18:48 [root] INFO: >>>>>>>>>>>>>exists<<<<<<<<<<<<<<
2020-08-14 21:18:48 [root] INFO: >>>>>>>>>>>>>exists<<<<<<<<<<<<<<
2020-08-14 21:18:48 [root] INFO: >>>>>>>>>>>>>exists<<<<<<<<<<<<<<
2020-08-14 21:18:48 [root] INFO: >>>>>>>>>>>>>exists<<<<<<<<<<<<<<
2020-08-14 21:18:48 [root] INFO: >>>>>>>>>>>>>exists<<<<<<<<<<<<<<
2020-08-14 21:18:48 [root] INFO: >>>>>>>>>>>>>exists<<<<<<<<<<<<<<
2020-08-14 21:18:48 [root] INFO: >>>>>>>>>>>>>exists<<<<<<<<<<<<<<
2020-08-14 21:18:48 [root] INFO: >>>>>>>>>>>>>exists<<<<<<<<<<<<<<
2020-08-14 21:18:48 [root] INFO: >>>>>>>>>>>>>exists<<<<<<<<<<<<<<
2020-08-14 21:18:48 [root] INFO: >>>>>>>>>>>>>exists<<<<<<<<<<<<<<
2020-08-14 21:18:48 [root] INFO: >>>>>>>>>>>>>exists<<<<<<<<<<<<<<
2020-08-14 21:18:48 [root] INFO: >>>>>>>>>>>>>exists<<<<<<<<<<<<<<
2020-08-14 21:18:48 [root] INFO: >>>>>>>>>>>>>exists<<<<<<<<<<<<<<
2020-08-14 21:18:48 [root] INFO: >>>>>>>>>>>>>exists<<<<<<<<<<<<<<
2020-08-14 21:18:48 [root] INFO: >>>>>>>>>>>>>exists<<<<<<<<<<<<<<
2020-08-14 21:18:48 [root] INFO: >>>>>>>>>>>>>exists<<<<<<<<<<<<<<
2020-08-14 21:18:48 [root] INFO: >>>>>>>>>>>>>exists<<<<<<<<<<<<<<
2020-08-14 21:18:48 [root] INFO: >>>>>>>>>>>>>exists<<<<<<<<<<<<<<
2020-08-14 21:18:48 [root] INFO: >>>>>>>>>>>>>exists<<<<<<<<<<<<<<
2020-08-14 21:18:48 [root] INFO: >>>>>>>>>>>>>exists<<<<<<<<<<<<<<
2020-08-14 21:18:48 [root] INFO: >>>>>>>>>>>>>exists<<<<<<<<<<<<<<
2020-08-14 21:18:48 [root] INFO: >>>>>>>>>>>>>exists<<<<<<<<<<<<<<
2020-08-14 21:18:48 [root] INFO: >>>>>>>>>>>>>exists<<<<<<<<<<<<<<
2020-08-14 21:18:48 [root] INFO: >>>>>>>>>>>>>exists<<<<<<<<<<<<<<
2020-08-14 21:18:48 [root] INFO: >>>>>>>>>>>>>exists<<<<<<<<<<<<<<
2020-08-14 21:18:48 [root] INFO: >>>>>>>>>>>>>exists<<<<<<<<<<<<<<
2020-08-14 21:18:48 [root] INFO: >>>>>>>>>>>>>exists<<<<<<<<<<<<<<
2020-08-14 21:18:48 [root] INFO: >>>>>>>>>>>>>exists<<<<<<<<<<<<<<
2020-08-14 21:18:48 [root] INFO: >>>>>>>>>>>>>exists<<<<<<<<<<<<<<
2020-08-14 21:18:48 [root] INFO: >>>>>>>>>>>>>exists<<<<<<<<<<<<<<
2020-08-14 21:18:48 [root] INFO: >>>>>>>>>>>>>exists<<<<<<<<<<<<<<
2020-08-14 21:18:48 [root] INFO: >>>>>>>>>>>>>exists<<<<<<<<<<<<<<
2020-08-14 21:18:48 [root] INFO: >>>>>>>>>>>>>exists<<<<<<<<<<<<<<
2020-08-14 21:18:48 [root] INFO: >>>>>>>>>>>>>exists<<<<<<<<<<<<<<
2020-08-14 21:18:48 [root] INFO: >>>>>>>>>>>>>exists<<<<<<<<<<<<<<
2020-08-14 21:18:48 [root] INFO: >>>>>>>>>>>>>exists<<<<<<<<<<<<<<
2020-08-14 21:18:48 [root] INFO: >>>>>>>>>>>>>exists<<<<<<<<<<<<<<
2020-08-14 21:18:48 [root] INFO: >>>>>>>>>>>>>exists<<<<<<<<<<<<<<
2020-08-14 21:18:48 [root] INFO: >>>>>>>>>>>>>exists<<<<<<<<<<<<<<
2020-08-14 21:18:48 [root] INFO: >>>>>>>>>>>>>exists<<<<<<<<<<<<<<
2020-08-14 21:18:48 [root] INFO: >>>>>>>>>>>>>exists<<<<<<<<<<<<<<
2020-08-14 21:18:48 [root] INFO: >>>>>>>>>>>>>exists<<<<<<<<<<<<<<
2020-08-14 21:18:48 [root] INFO: >>>>>>>>>>>>>exists<<<<<<<<<<<<<<
2020-08-14 21:18:48 [root] INFO: >>>>>>>>>>>>>exists<<<<<<<<<<<<<<
2020-08-14 21:18:48 [root] INFO: >>>>>>>>>>>>>exists<<<<<<<<<<<<<<
2020-08-14 21:18:48 [root] INFO: >>>>>>>>>>>>>exists<<<<<<<<<<<<<<
2020-08-14 21:18:48 [root] INFO: >>>>>>>>>>>>>exists<<<<<<<<<<<<<<
2020-08-14 21:18:48 [root] INFO: >>>>>>>>>>>>>exists<<<<<<<<<<<<<<
2020-08-14 21:18:48 [root] INFO: >>>>>>>>>>>>>exists<<<<<<<<<<<<<<
2020-08-14 21:18:48 [root] INFO: >>>>>>>>>>>>>exists<<<<<<<<<<<<<<
2020-08-14 21:18:48 [root] INFO: >>>>>>>>>>>>>exists<<<<<<<<<<<<<<
2020-08-14 21:18:48 [root] INFO: >>>>>>>>>>>>>exists<<<<<<<<<<<<<<
2020-08-14 21:18:48 [root] INFO: >>>>>>>>>>>>>exists<<<<<<<<<<<<<<
2020-08-14 21:18:48 [root] INFO: >>>>>>>>>>>>>exists<<<<<<<<<<<<<<
2020-08-14 21:18:48 [root] INFO: >>>>>>>>>>>>>exists<<<<<<<<<<<<<<
2020-08-14 21:18:48 [root] INFO: >>>>>>>>>>>>>exists<<<<<<<<<<<<<<
2020-08-14 21:18:48 [root] INFO: >>>>>>>>>>>>>exists<<<<<<<<<<<<<<
2020-08-14 21:18:48 [root] INFO: >>>>>>>>>>>>>exists<<<<<<<<<<<<<<
2020-08-14 21:18:48 [root] INFO: >>>>>>>>>>>>>exists<<<<<<<<<<<<<<
2020-08-14 21:18:48 [root] INFO: >>>>>>>>>>>>>exists<<<<<<<<<<<<<<
2020-08-14 21:18:48 [root] INFO: >>>>>>>>>>>>>exists<<<<<<<<<<<<<<
2020-08-14 21:18:48 [root] INFO: >>>>>>>>>>>>>exists<<<<<<<<<<<<<<
2020-08-14 21:18:48 [root] INFO: >>>>>>>>>>>>>exists<<<<<<<<<<<<<<
2020-08-14 21:18:48 [root] INFO: >>>>>>>>>>>>>exists<<<<<<<<<<<<<<
2020-08-14 21:18:48 [root] INFO: >>>>>>>>>>>>>exists<<<<<<<<<<<<<<
2020-08-14 21:18:48 [root] INFO: >>>>>>>>>>>>>exists<<<<<<<<<<<<<<
2020-08-14 21:18:48 [root] INFO: >>>>>>>>>>>>>exists<<<<<<<<<<<<<<
2020-08-14 21:18:48 [root] INFO: >>>>>>>>>>>>>exists<<<<<<<<<<<<<<
2020-08-14 21:18:48 [root] INFO: >>>>>>>>>>>>>exists<<<<<<<<<<<<<<
2020-08-14 21:18:48 [root] INFO: >>>>>>>>>>>>>exists<<<<<<<<<<<<<<
2020-08-14 21:18:48 [root] INFO: >>>>>>>>>>>>>exists<<<<<<<<<<<<<<
2020-08-14 21:18:48 [root] INFO: >>>>>>>>>>>>>exists<<<<<<<<<<<<<<
2020-08-14 21:18:48 [root] INFO: >>>>>>>>>>>>>exists<<<<<<<<<<<<<<
2020-08-14 21:18:48 [root] INFO: >>>>>>>>>>>>>exists<<<<<<<<<<<<<<
2020-08-14 21:18:48 [root] INFO: >>>>>>>>>>>>>exists<<<<<<<<<<<<<<
2020-08-14 21:18:48 [root] INFO: >>>>>>>>>>>>>exists<<<<<<<<<<<<<<
2020-08-14 21:18:48 [root] INFO: >>>>>>>>>>>>>exists<<<<<<<<<<<<<<
2020-08-14 21:18:48 [root] INFO: >>>>>>>>>>>>>exists<<<<<<<<<<<<<<
2020-08-14 21:18:48 [root] INFO: >>>>>>>>>>>>>exists<<<<<<<<<<<<<<
2020-08-14 21:18:48 [root] INFO: >>>>>>>>>>>>>exists<<<<<<<<<<<<<<
2020-08-14 21:18:48 [root] INFO: >>>>>>>>>>>>>exists<<<<<<<<<<<<<<
2020-08-14 21:18:48 [root] INFO: >>>>>>>>>>>>>exists<<<<<<<<<<<<<<
2020-08-14 21:18:48 [root] INFO: >>>>>>>>>>>>>exists<<<<<<<<<<<<<<
2020-08-14 21:18:48 [root] INFO: >>>>>>>>>>>>>exists<<<<<<<<<<<<<<
2020-08-14 21:18:48 [root] INFO: >>>>>>>>>>>>>exists<<<<<<<<<<<<<<
2020-08-14 21:18:48 [root] INFO: >>>>>>>>>>>>>exists<<<<<<<<<<<<<<
2020-08-14 21:18:48 [root] INFO: >>>>>>>>>>>>>exists<<<<<<<<<<<<<<
2020-08-14 21:18:48 [root] INFO: >>>>>>>>>>>>>exists<<<<<<<<<<<<<<
2020-08-14 21:18:48 [root] INFO: >>>>>>>>>>>>>exists<<<<<<<<<<<<<<
2020-08-14 21:18:48 [root] INFO: >>>>>>>>>>>>>exists<<<<<<<<<<<<<<
2020-08-14 21:18:48 [root] INFO: >>>>>>>>>>>>>exists<<<<<<<<<<<<<<
2020-08-14 21:18:48 [root] INFO: >>>>>>>>>>>>>exists<<<<<<<<<<<<<<
2020-08-14 21:18:48 [root] INFO: >>>>>>>>>>>>>exists<<<<<<<<<<<<<<
2020-08-14 21:18:48 [root] INFO: >>>>>>>>>>>>>exists<<<<<<<<<<<<<<
2020-08-14 21:18:48 [root] INFO: >>>>>>>>>>>>>exists<<<<<<<<<<<<<<
2020-08-14 21:18:48 [root] INFO: >>>>>>>>>>>>>exists<<<<<<<<<<<<<<
2020-08-14 21:18:48 [root] INFO: >>>>>>>>>>>>>exists<<<<<<<<<<<<<<
2020-08-14 21:18:48 [root] INFO: >>>>>>>>>>>>>exists<<<<<<<<<<<<<<
2020-08-14 21:18:48 [root] INFO: >>>>>>>>>>>>>exists<<<<<<<<<<<<<<
2020-08-14 21:18:48 [root] INFO: >>>>>>>>>>>>>exists<<<<<<<<<<<<<<
2020-08-14 21:18:48 [root] INFO: >>>>>>>>>>>>>exists<<<<<<<<<<<<<<
2020-08-14 21:18:48 [root] INFO: >>>>>>>>>>>>>exists<<<<<<<<<<<<<<
2020-08-14 21:18:48 [root] INFO: >>>>>>>>>>>>>exists<<<<<<<<<<<<<<
2020-08-14 21:18:48 [root] INFO: >>>>>>>>>>>>>exists<<<<<<<<<<<<<<
2020-08-14 21:18:48 [root] INFO: >>>>>>>>>>>>>exists<<<<<<<<<<<<<<
2020-08-14 21:18:48 [root] INFO: >>>>>>>>>>>>>exists<<<<<<<<<<<<<<
2020-08-14 21:18:48 [root] INFO: >>>>>>>>>>>>>exists<<<<<<<<<<<<<<
2020-08-14 21:18:48 [root] INFO: >>>>>>>>>>>>>exists<<<<<<<<<<<<<<
2020-08-14 21:18:48 [root] INFO: >>>>>>>>>>>>>exists<<<<<<<<<<<<<<
2020-08-14 21:18:48 [root] INFO: >>>>>>>>>>>>>exists<<<<<<<<<<<<<<
2020-08-14 21:18:48 [root] INFO: >>>>>>>>>>>>>exists<<<<<<<<<<<<<<
2020-08-14 21:18:48 [root] INFO: >>>>>>>>>>>>>exists<<<<<<<<<<<<<<
2020-08-14 21:18:48 [root] INFO: >>>>>>>>>>>>>exists<<<<<<<<<<<<<<
2020-08-14 21:18:48 [root] INFO: >>>>>>>>>>>>>exists<<<<<<<<<<<<<<
2020-08-14 21:18:48 [root] INFO: >>>>>>>>>>>>>exists<<<<<<<<<<<<<<
2020-08-14 21:18:48 [root] INFO: >>>>>>>>>>>>>exists<<<<<<<<<<<<<<
2020-08-14 21:18:48 [root] INFO: >>>>>>>>>>>>>exists<<<<<<<<<<<<<<
2020-08-14 21:18:48 [root] INFO: >>>>>>>>>>>>>exists<<<<<<<<<<<<<<
2020-08-14 21:18:48 [root] INFO: >>>>>>>>>>>>>exists<<<<<<<<<<<<<<
2020-08-14 21:18:48 [root] INFO: >>>>>>>>>>>>>exists<<<<<<<<<<<<<<
2020-08-14 21:18:48 [root] INFO: >>>>>>>>>>>>>exists<<<<<<<<<<<<<<
2020-08-14 21:18:48 [root] INFO: >>>>>>>>>>>>>exists<<<<<<<<<<<<<<
2020-08-14 21:18:48 [root] INFO: >>>>>>>>>>>>>exists<<<<<<<<<<<<<<
2020-08-14 21:18:48 [root] INFO: >>>>>>>>>>>>>exists<<<<<<<<<<<<<<
2020-08-14 21:18:48 [root] INFO: >>>>>>>>>>>>>exists<<<<<<<<<<<<<<
2020-08-14 21:18:48 [root] INFO: >>>>>>>>>>>>>exists<<<<<<<<<<<<<<
2020-08-14 21:18:48 [root] INFO: >>>>>>>>>>>>>exists<<<<<<<<<<<<<<
2020-08-14 21:18:48 [root] INFO: >>>>>>>>>>>>>exists<<<<<<<<<<<<<<
2020-08-14 21:18:48 [root] INFO: >>>>>>>>>>>>>exists<<<<<<<<<<<<<<
2020-08-14 21:18:48 [root] INFO: >>>>>>>>>>>>>exists<<<<<<<<<<<<<<
2020-08-14 21:18:48 [root] INFO: >>>>>>>>>>>>>exists<<<<<<<<<<<<<<
2020-08-14 21:18:48 [root] INFO: >>>>>>>>>>>>>exists<<<<<<<<<<<<<<
2020-08-14 21:18:48 [root] INFO: >>>>>>>>>>>>>exists<<<<<<<<<<<<<<
2020-08-14 21:18:48 [root] INFO: >>>>>>>>>>>>>exists<<<<<<<<<<<<<<
2020-08-14 21:18:48 [root] INFO: >>>>>>>>>>>>>exists<<<<<<<<<<<<<<
2020-08-14 21:18:48 [root] INFO: >>>>>>>>>>>>>exists<<<<<<<<<<<<<<
2020-08-14 21:18:48 [root] INFO: >>>>>>>>>>>>>exists<<<<<<<<<<<<<<
2020-08-14 21:18:48 [root] INFO: >>>>>>>>>>>>>exists<<<<<<<<<<<<<<
2020-08-14 21:18:48 [root] INFO: >>>>>>>>>>>>>exists<<<<<<<<<<<<<<
2020-08-14 21:18:48 [root] INFO: >>>>>>>>>>>>>exists<<<<<<<<<<<<<<
2020-08-14 21:18:48 [root] INFO: >>>>>>>>>>>>>exists<<<<<<<<<<<<<<
2020-08-14 21:18:48 [root] INFO: >>>>>>>>>>>>>exists<<<<<<<<<<<<<<
2020-08-14 21:18:48 [root] INFO: >>>>>>>>>>>>>exists<<<<<<<<<<<<<<
2020-08-14 21:18:48 [root] INFO: >>>>>>>>>>>>>exists<<<<<<<<<<<<<<
2020-08-14 21:18:48 [root] INFO: >>>>>>>>>>>>>exists<<<<<<<<<<<<<<
2020-08-14 21:18:48 [root] INFO: >>>>>>>>>>>>>exists<<<<<<<<<<<<<<
2020-08-14 21:18:48 [root] INFO: >>>>>>>>>>>>>exists<<<<<<<<<<<<<<
2020-08-14 21:18:48 [root] INFO: >>>>>>>>>>>>>exists<<<<<<<<<<<<<<
2020-08-14 21:18:48 [root] INFO: >>>>>>>>>>>>>exists<<<<<<<<<<<<<<
2020-08-14 21:18:48 [root] INFO: >>>>>>>>>>>>>exists<<<<<<<<<<<<<<
2020-08-14 21:18:48 [root] INFO: >>>>>>>>>>>>>exists<<<<<<<<<<<<<<
2020-08-14 21:18:48 [root] INFO: >>>>>>>>>>>>>exists<<<<<<<<<<<<<<
2020-08-14 21:18:48 [root] INFO: >>>>>>>>>>>>>exists<<<<<<<<<<<<<<
2020-08-14 21:18:48 [root] INFO: >>>>>>>>>>>>>exists<<<<<<<<<<<<<<
2020-08-14 21:18:48 [root] INFO: >>>>>>>>>>>>>exists<<<<<<<<<<<<<<
2020-08-14 21:18:48 [root] INFO: >>>>>>>>>>>>>exists<<<<<<<<<<<<<<
2020-08-14 21:18:48 [root] INFO: >>>>>>>>>>>>>exists<<<<<<<<<<<<<<
2020-08-14 21:18:48 [root] INFO: >>>>>>>>>>>>>exists<<<<<<<<<<<<<<
2020-08-14 21:18:48 [root] INFO: >>>>>>>>>>>>>exists<<<<<<<<<<<<<<
2020-08-14 21:18:48 [root] INFO: >>>>>>>>>>>>>exists<<<<<<<<<<<<<<
2020-08-14 21:18:48 [root] INFO: >>>>>>>>>>>>>exists<<<<<<<<<<<<<<
2020-08-14 21:18:48 [root] INFO: >>>>>>>>>>>>>exists<<<<<<<<<<<<<<
2020-08-14 21:18:48 [root] INFO: >>>>>>>>>>>>>exists<<<<<<<<<<<<<<
2020-08-14 21:18:48 [root] INFO: >>>>>>>>>>>>>exists<<<<<<<<<<<<<<
2020-08-14 21:18:48 [root] INFO: >>>>>>>>>>>>>exists<<<<<<<<<<<<<<
2020-08-14 21:18:48 [root] INFO: >>>>>>>>>>>>>exists<<<<<<<<<<<<<<
2020-08-14 21:18:48 [root] INFO: >>>>>>>>>>>>>exists<<<<<<<<<<<<<<
2020-08-14 21:18:48 [root] INFO: >>>>>>>>>>>>>exists<<<<<<<<<<<<<<
2020-08-14 21:18:48 [root] INFO: >>>>>>>>>>>>>exists<<<<<<<<<<<<<<
2020-08-14 21:18:48 [root] INFO: >>>>>>>>>>>>>exists<<<<<<<<<<<<<<
2020-08-14 21:18:48 [root] INFO: >>>>>>>>>>>>>exists<<<<<<<<<<<<<<
2020-08-14 21:18:48 [root] INFO: >>>>>>>>>>>>>exists<<<<<<<<<<<<<<
2020-08-14 21:18:48 [root] INFO: >>>>>>>>>>>>>exists<<<<<<<<<<<<<<
2020-08-14 21:18:48 [root] INFO: >>>>>>>>>>>>>exists<<<<<<<<<<<<<<
2020-08-14 21:18:48 [root] INFO: >>>>>>>>>>>>>exists<<<<<<<<<<<<<<
2020-08-14 21:18:48 [root] INFO: >>>>>>>>>>>>>exists<<<<<<<<<<<<<<
2020-08-14 21:18:48 [root] INFO: >>>>>>>>>>>>>exists<<<<<<<<<<<<<<
2020-08-14 21:18:48 [root] INFO: >>>>>>>>>>>>>exists<<<<<<<<<<<<<<
2020-08-14 21:18:48 [root] INFO: >>>>>>>>>>>>>exists<<<<<<<<<<<<<<
2020-08-14 21:18:48 [root] INFO: >>>>>>>>>>>>>exists<<<<<<<<<<<<<<
2020-08-14 21:18:48 [root] INFO: >>>>>>>>>>>>>exists<<<<<<<<<<<<<<
2020-08-14 21:18:48 [root] INFO: >>>>>>>>>>>>>exists<<<<<<<<<<<<<<
2020-08-14 21:18:48 [root] INFO: >>>>>>>>>>>>>exists<<<<<<<<<<<<<<
2020-08-14 21:18:48 [root] INFO: >>>>>>>>>>>>>exists<<<<<<<<<<<<<<
2020-08-14 21:18:48 [root] INFO: >>>>>>>>>>>>>exists<<<<<<<<<<<<<<
2020-08-14 21:18:48 [root] INFO: >>>>>>>>>>>>>exists<<<<<<<<<<<<<<
2020-08-14 21:18:48 [root] INFO: >>>>>>>>>>>>>exists<<<<<<<<<<<<<<
2020-08-14 21:18:48 [root] INFO: >>>>>>>>>>>>>exists<<<<<<<<<<<<<<
2020-08-14 21:18:48 [root] INFO: >>>>>>>>>>>>>exists<<<<<<<<<<<<<<
2020-08-14 21:18:48 [root] INFO: >>>>>>>>>>>>>exists<<<<<<<<<<<<<<
2020-08-14 21:18:48 [root] INFO: >>>>>>>>>>>>>exists<<<<<<<<<<<<<<
2020-08-14 21:18:48 [root] INFO: >>>>>>>>>>>>>exists<<<<<<<<<<<<<<
2020-08-14 21:18:48 [root] INFO: >>>>>>>>>>>>>exists<<<<<<<<<<<<<<
2020-08-14 21:18:48 [root] INFO: >>>>>>>>>>>>>exists<<<<<<<<<<<<<<
2020-08-14 21:18:48 [root] INFO: >>>>>>>>>>>>>exists<<<<<<<<<<<<<<
2020-08-14 21:18:48 [root] INFO: >>>>>>>>>>>>>exists<<<<<<<<<<<<<<
2020-08-14 21:18:48 [root] INFO: >>>>>>>>>>>>>exists<<<<<<<<<<<<<<
2020-08-14 21:18:48 [root] INFO: >>>>>>>>>>>>>exists<<<<<<<<<<<<<<
2020-08-14 21:18:48 [root] INFO: >>>>>>>>>>>>>exists<<<<<<<<<<<<<<
2020-08-14 21:18:48 [root] INFO: >>>>>>>>>>>>>exists<<<<<<<<<<<<<<
2020-08-14 21:18:48 [root] INFO: >>>>>>>>>>>>>exists<<<<<<<<<<<<<<
2020-08-14 21:18:48 [root] INFO: >>>>>>>>>>>>>exists<<<<<<<<<<<<<<
2020-08-14 21:18:48 [root] INFO: >>>>>>>>>>>>>exists<<<<<<<<<<<<<<
2020-08-14 21:18:48 [root] INFO: >>>>>>>>>>>>>exists<<<<<<<<<<<<<<
2020-08-14 21:18:48 [root] INFO: >>>>>>>>>>>>>exists<<<<<<<<<<<<<<
2020-08-14 21:18:48 [root] INFO: >>>>>>>>>>>>>exists<<<<<<<<<<<<<<
2020-08-14 21:18:48 [root] INFO: >>>>>>>>>>>>>exists<<<<<<<<<<<<<<
2020-08-14 21:18:48 [root] INFO: >>>>>>>>>>>>>exists<<<<<<<<<<<<<<
2020-08-14 21:18:48 [root] INFO: >>>>>>>>>>>>>exists<<<<<<<<<<<<<<
2020-08-14 21:18:48 [root] INFO: >>>>>>>>>>>>>exists<<<<<<<<<<<<<<
2020-08-14 21:18:48 [root] INFO: >>>>>>>>>>>>>exists<<<<<<<<<<<<<<
2020-08-14 21:18:48 [root] INFO: >>>>>>>>>>>>>exists<<<<<<<<<<<<<<
2020-08-14 21:18:48 [root] INFO: >>>>>>>>>>>>>exists<<<<<<<<<<<<<<
2020-08-14 21:18:48 [root] INFO: >>>>>>>>>>>>>exists<<<<<<<<<<<<<<
2020-08-14 21:18:48 [root] INFO: >>>>>>>>>>>>>exists<<<<<<<<<<<<<<
2020-08-14 21:18:48 [root] INFO: >>>>>>>>>>>>>exists<<<<<<<<<<<<<<
2020-08-14 21:18:48 [root] INFO: >>>>>>>>>>>>>exists<<<<<<<<<<<<<<
2020-08-14 21:18:48 [root] INFO: >>>>>>>>>>>>>exists<<<<<<<<<<<<<<
2020-08-14 21:18:48 [root] INFO: >>>>>>>>>>>>>exists<<<<<<<<<<<<<<
2020-08-14 21:18:48 [root] INFO: >>>>>>>>>>>>>exists<<<<<<<<<<<<<<
2020-08-14 21:18:48 [root] INFO: >>>>>>>>>>>>>exists<<<<<<<<<<<<<<
2020-08-14 21:18:48 [root] INFO: >>>>>>>>>>>>>exists<<<<<<<<<<<<<<
2020-08-14 21:18:48 [root] INFO: >>>>>>>>>>>>>exists<<<<<<<<<<<<<<
2020-08-14 21:18:48 [root] INFO: >>>>>>>>>>>>>exists<<<<<<<<<<<<<<
2020-08-14 21:18:48 [root] INFO: >>>>>>>>>>>>>exists<<<<<<<<<<<<<<
2020-08-14 21:18:48 [root] INFO: >>>>>>>>>>>>>exists<<<<<<<<<<<<<<
2020-08-14 21:18:48 [root] INFO: >>>>>>>>>>>>>exists<<<<<<<<<<<<<<
2020-08-14 21:18:48 [root] INFO: >>>>>>>>>>>>>exists<<<<<<<<<<<<<<
2020-08-14 21:18:48 [root] INFO: >>>>>>>>>>>>>exists<<<<<<<<<<<<<<
2020-08-14 21:18:48 [root] INFO: >>>>>>>>>>>>>exists<<<<<<<<<<<<<<
2020-08-14 21:18:48 [root] INFO: >>>>>>>>>>>>>exists<<<<<<<<<<<<<<
2020-08-14 21:18:48 [root] INFO: >>>>>>>>>>>>>exists<<<<<<<<<<<<<<
2020-08-14 21:18:48 [root] INFO: >>>>>>>>>>>>>exists<<<<<<<<<<<<<<
2020-08-14 21:18:48 [root] INFO: >>>>>>>>>>>>>exists<<<<<<<<<<<<<<
2020-08-14 21:18:48 [root] INFO: >>>>>>>>>>>>>exists<<<<<<<<<<<<<<
2020-08-14 21:18:48 [root] INFO: >>>>>>>>>>>>>exists<<<<<<<<<<<<<<
2020-08-14 21:18:48 [root] INFO: >>>>>>>>>>>>>exists<<<<<<<<<<<<<<
2020-08-14 21:18:48 [root] INFO: >>>>>>>>>>>>>exists<<<<<<<<<<<<<<
2020-08-14 21:18:48 [root] INFO: >>>>>>>>>>>>>exists<<<<<<<<<<<<<<
2020-08-14 21:18:48 [root] INFO: >>>>>>>>>>>>>exists<<<<<<<<<<<<<<
2020-08-14 21:18:48 [root] INFO: >>>>>>>>>>>>>exists<<<<<<<<<<<<<<
2020-08-14 21:18:48 [root] INFO: >>>>>>>>>>>>>exists<<<<<<<<<<<<<<
2020-08-14 21:18:48 [root] INFO: >>>>>>>>>>>>>exists<<<<<<<<<<<<<<
2020-08-14 21:18:48 [root] INFO: >>>>>>>>>>>>>exists<<<<<<<<<<<<<<
2020-08-14 21:18:48 [root] INFO: >>>>>>>>>>>>>exists<<<<<<<<<<<<<<
2020-08-14 21:18:48 [root] INFO: >>>>>>>>>>>>>exists<<<<<<<<<<<<<<
2020-08-14 21:18:48 [root] INFO: >>>>>>>>>>>>>exists<<<<<<<<<<<<<<
2020-08-14 21:18:48 [root] INFO: >>>>>>>>>>>>>exists<<<<<<<<<<<<<<
2020-08-14 21:18:48 [root] INFO: >>>>>>>>>>>>>exists<<<<<<<<<<<<<<
2020-08-14 21:18:48 [root] INFO: >>>>>>>>>>>>>exists<<<<<<<<<<<<<<
2020-08-14 21:18:48 [root] INFO: >>>>>>>>>>>>>exists<<<<<<<<<<<<<<
2020-08-14 21:18:48 [root] INFO: >>>>>>>>>>>>>exists<<<<<<<<<<<<<<
2020-08-14 21:18:48 [root] INFO: >>>>>>>>>>>>>exists<<<<<<<<<<<<<<
2020-08-14 21:18:48 [root] INFO: >>>>>>>>>>>>>exists<<<<<<<<<<<<<<
2020-08-14 21:18:48 [root] INFO: >>>>>>>>>>>>>exists<<<<<<<<<<<<<<
2020-08-14 21:18:48 [root] INFO: >>>>>>>>>>>>>exists<<<<<<<<<<<<<<
2020-08-14 21:18:48 [root] INFO: >>>>>>>>>>>>>exists<<<<<<<<<<<<<<
2020-08-14 21:18:48 [root] INFO: >>>>>>>>>>>>>exists<<<<<<<<<<<<<<
2020-08-14 21:18:48 [root] INFO: >>>>>>>>>>>>>exists<<<<<<<<<<<<<<
2020-08-14 21:18:48 [root] INFO: >>>>>>>>>>>>>exists<<<<<<<<<<<<<<
2020-08-14 21:18:48 [root] INFO: >>>>>>>>>>>>>exists<<<<<<<<<<<<<<
2020-08-14 21:18:48 [root] INFO: >>>>>>>>>>>>>exists<<<<<<<<<<<<<<
2020-08-14 21:18:48 [root] INFO: >>>>>>>>>>>>>exists<<<<<<<<<<<<<<
2020-08-14 21:18:48 [root] INFO: >>>>>>>>>>>>>exists<<<<<<<<<<<<<<
2020-08-14 21:18:48 [root] INFO: >>>>>>>>>>>>>exists<<<<<<<<<<<<<<
2020-08-14 21:18:48 [root] INFO: >>>>>>>>>>>>>exists<<<<<<<<<<<<<<
2020-08-14 21:18:48 [root] INFO: >>>>>>>>>>>>>exists<<<<<<<<<<<<<<
2020-08-14 21:18:48 [root] INFO: >>>>>>>>>>>>>exists<<<<<<<<<<<<<<
2020-08-14 21:18:48 [root] INFO: >>>>>>>>>>>>>exists<<<<<<<<<<<<<<
2020-08-14 21:18:48 [root] INFO: >>>>>>>>>>>>>exists<<<<<<<<<<<<<<
2020-08-14 21:18:48 [root] INFO: >>>>>>>>>>>>>exists<<<<<<<<<<<<<<
2020-08-14 21:18:48 [root] INFO: >>>>>>>>>>>>>exists<<<<<<<<<<<<<<
2020-08-14 21:18:48 [root] INFO: >>>>>>>>>>>>>exists<<<<<<<<<<<<<<
2020-08-14 21:18:48 [root] INFO: >>>>>>>>>>>>>exists<<<<<<<<<<<<<<
2020-08-14 21:18:48 [root] INFO: >>>>>>>>>>>>>exists<<<<<<<<<<<<<<
2020-08-14 21:18:48 [root] INFO: >>>>>>>>>>>>>exists<<<<<<<<<<<<<<
2020-08-14 21:18:48 [root] INFO: >>>>>>>>>>>>>exists<<<<<<<<<<<<<<
2020-08-14 21:18:48 [root] INFO: >>>>>>>>>>>>>exists<<<<<<<<<<<<<<
2020-08-14 21:18:48 [root] INFO: >>>>>>>>>>>>>exists<<<<<<<<<<<<<<
2020-08-14 21:18:48 [root] INFO: >>>>>>>>>>>>>exists<<<<<<<<<<<<<<
2020-08-14 21:18:48 [root] INFO: >>>>>>>>>>>>>exists<<<<<<<<<<<<<<
2020-08-14 21:18:48 [root] INFO: >>>>>>>>>>>>>exists<<<<<<<<<<<<<<
2020-08-14 21:18:48 [root] INFO: >>>>>>>>>>>>>exists<<<<<<<<<<<<<<
2020-08-14 21:18:48 [root] INFO: >>>>>>>>>>>>>exists<<<<<<<<<<<<<<
2020-08-14 21:18:48 [root] INFO: >>>>>>>>>>>>>exists<<<<<<<<<<<<<<
2020-08-14 21:18:48 [root] INFO: >>>>>>>>>>>>>exists<<<<<<<<<<<<<<
2020-08-14 21:18:48 [root] INFO: >>>>>>>>>>>>>exists<<<<<<<<<<<<<<
2020-08-14 21:18:48 [root] INFO: >>>>>>>>>>>>>exists<<<<<<<<<<<<<<
2020-08-14 21:18:48 [root] INFO: >>>>>>>>>>>>>exists<<<<<<<<<<<<<<
2020-08-14 21:18:48 [root] INFO: >>>>>>>>>>>>>exists<<<<<<<<<<<<<<
2020-08-14 21:18:48 [root] INFO: >>>>>>>>>>>>>exists<<<<<<<<<<<<<<
2020-08-14 21:18:48 [root] INFO: >>>>>>>>>>>>>exists<<<<<<<<<<<<<<
2020-08-14 21:18:48 [root] INFO: >>>>>>>>>>>>>exists<<<<<<<<<<<<<<
2020-08-14 21:18:48 [root] INFO: >>>>>>>>>>>>>exists<<<<<<<<<<<<<<
2020-08-14 21:18:48 [root] INFO: >>>>>>>>>>>>>exists<<<<<<<<<<<<<<
2020-08-14 21:18:48 [root] INFO: >>>>>>>>>>>>>exists<<<<<<<<<<<<<<
2020-08-14 21:18:48 [root] INFO: >>>>>>>>>>>>>exists<<<<<<<<<<<<<<
2020-08-14 21:18:48 [root] INFO: >>>>>>>>>>>>>exists<<<<<<<<<<<<<<
2020-08-14 21:18:48 [root] INFO: >>>>>>>>>>>>>exists<<<<<<<<<<<<<<
2020-08-14 21:18:48 [root] INFO: >>>>>>>>>>>>>exists<<<<<<<<<<<<<<
2020-08-14 21:18:48 [root] INFO: >>>>>>>>>>>>>exists<<<<<<<<<<<<<<
2020-08-14 21:18:48 [root] INFO: >>>>>>>>>>>>>exists<<<<<<<<<<<<<<
2020-08-14 21:18:48 [root] INFO: >>>>>>>>>>>>>exists<<<<<<<<<<<<<<
2020-08-14 21:18:48 [root] INFO: >>>>>>>>>>>>>exists<<<<<<<<<<<<<<
2020-08-14 21:18:48 [root] INFO: >>>>>>>>>>>>>exists<<<<<<<<<<<<<<
2020-08-14 21:18:48 [root] INFO: >>>>>>>>>>>>>exists<<<<<<<<<<<<<<
2020-08-14 21:18:48 [root] INFO: >>>>>>>>>>>>>exists<<<<<<<<<<<<<<
2020-08-14 21:18:48 [root] INFO: >>>>>>>>>>>>>exists<<<<<<<<<<<<<<
2020-08-14 21:18:48 [root] INFO: >>>>>>>>>>>>>exists<<<<<<<<<<<<<<
2020-08-14 21:18:48 [root] INFO: >>>>>>>>>>>>>exists<<<<<<<<<<<<<<
2020-08-14 21:18:48 [root] INFO: >>>>>>>>>>>>>exists<<<<<<<<<<<<<<
2020-08-14 21:18:48 [root] INFO: >>>>>>>>>>>>>exists<<<<<<<<<<<<<<
2020-08-14 21:18:48 [root] INFO: >>>>>>>>>>>>>exists<<<<<<<<<<<<<<
2020-08-14 21:18:48 [root] INFO: >>>>>>>>>>>>>exists<<<<<<<<<<<<<<
2020-08-14 21:18:48 [root] INFO: >>>>>>>>>>>>>exists<<<<<<<<<<<<<<
2020-08-14 21:18:48 [root] INFO: >>>>>>>>>>>>>exists<<<<<<<<<<<<<<
2020-08-14 21:18:48 [root] INFO: >>>>>>>>>>>>>exists<<<<<<<<<<<<<<
2020-08-14 21:18:48 [root] INFO: >>>>>>>>>>>>>exists<<<<<<<<<<<<<<
2020-08-14 21:18:48 [root] INFO: >>>>>>>>>>>>>exists<<<<<<<<<<<<<<
2020-08-14 21:18:48 [root] INFO: >>>>>>>>>>>>>exists<<<<<<<<<<<<<<
2020-08-14 21:18:48 [root] INFO: >>>>>>>>>>>>>exists<<<<<<<<<<<<<<
2020-08-14 21:18:48 [root] INFO: >>>>>>>>>>>>>exists<<<<<<<<<<<<<<
2020-08-14 21:18:48 [root] INFO: >>>>>>>>>>>>>exists<<<<<<<<<<<<<<
2020-08-14 21:18:48 [root] INFO: >>>>>>>>>>>>>exists<<<<<<<<<<<<<<
2020-08-14 21:18:48 [root] INFO: >>>>>>>>>>>>>exists<<<<<<<<<<<<<<
2020-08-14 21:18:48 [root] INFO: >>>>>>>>>>>>>exists<<<<<<<<<<<<<<
2020-08-14 21:18:48 [root] INFO: >>>>>>>>>>>>>exists<<<<<<<<<<<<<<
2020-08-14 21:18:48 [root] INFO: >>>>>>>>>>>>>exists<<<<<<<<<<<<<<
2020-08-14 21:18:48 [root] INFO: >>>>>>>>>>>>>exists<<<<<<<<<<<<<<
2020-08-14 21:18:48 [root] INFO: >>>>>>>>>>>>>exists<<<<<<<<<<<<<<
2020-08-14 21:18:48 [root] INFO: >>>>>>>>>>>>>exists<<<<<<<<<<<<<<
2020-08-14 21:18:48 [root] INFO: >>>>>>>>>>>>>exists<<<<<<<<<<<<<<
2020-08-14 21:18:48 [root] INFO: >>>>>>>>>>>>>exists<<<<<<<<<<<<<<
2020-08-14 21:18:48 [root] INFO: >>>>>>>>>>>>>exists<<<<<<<<<<<<<<
2020-08-14 21:18:48 [root] INFO: >>>>>>>>>>>>>exists<<<<<<<<<<<<<<
2020-08-14 21:18:48 [root] INFO: >>>>>>>>>>>>>exists<<<<<<<<<<<<<<
2020-08-14 21:18:48 [root] INFO: >>>>>>>>>>>>>exists<<<<<<<<<<<<<<
2020-08-14 21:18:48 [root] INFO: >>>>>>>>>>>>>exists<<<<<<<<<<<<<<
2020-08-14 21:18:48 [root] INFO: >>>>>>>>>>>>>exists<<<<<<<<<<<<<<
2020-08-14 21:18:48 [root] INFO: >>>>>>>>>>>>>exists<<<<<<<<<<<<<<
2020-08-14 21:18:48 [root] INFO: >>>>>>>>>>>>>exists<<<<<<<<<<<<<<
2020-08-14 21:18:48 [root] INFO: >>>>>>>>>>>>>exists<<<<<<<<<<<<<<
2020-08-14 21:18:48 [root] INFO: >>>>>>>>>>>>>exists<<<<<<<<<<<<<<
2020-08-14 21:18:48 [root] INFO: >>>>>>>>>>>>>exists<<<<<<<<<<<<<<
2020-08-14 21:18:48 [root] INFO: >>>>>>>>>>>>>exists<<<<<<<<<<<<<<
2020-08-14 21:18:48 [root] INFO: >>>>>>>>>>>>>exists<<<<<<<<<<<<<<
2020-08-14 21:18:48 [root] INFO: >>>>>>>>>>>>>exists<<<<<<<<<<<<<<
2020-08-14 21:18:48 [root] INFO: >>>>>>>>>>>>>exists<<<<<<<<<<<<<<
2020-08-14 21:18:48 [root] INFO: >>>>>>>>>>>>>exists<<<<<<<<<<<<<<
2020-08-14 21:18:48 [root] INFO: >>>>>>>>>>>>>exists<<<<<<<<<<<<<<
2020-08-14 21:18:48 [root] INFO: >>>>>>>>>>>>>exists<<<<<<<<<<<<<<
2020-08-14 21:18:48 [root] INFO: >>>>>>>>>>>>>exists<<<<<<<<<<<<<<
2020-08-14 21:18:48 [root] INFO: >>>>>>>>>>>>>exists<<<<<<<<<<<<<<
2020-08-14 21:18:48 [root] INFO: >>>>>>>>>>>>>exists<<<<<<<<<<<<<<
2020-08-14 21:18:48 [root] INFO: >>>>>>>>>>>>>exists<<<<<<<<<<<<<<
2020-08-14 21:18:48 [root] INFO: >>>>>>>>>>>>>exists<<<<<<<<<<<<<<
2020-08-14 21:18:48 [root] INFO: >>>>>>>>>>>>>exists<<<<<<<<<<<<<<
2020-08-14 21:18:48 [root] INFO: >>>>>>>>>>>>>exists<<<<<<<<<<<<<<
2020-08-14 21:18:48 [root] INFO: >>>>>>>>>>>>>exists<<<<<<<<<<<<<<
2020-08-14 21:18:48 [root] INFO: >>>>>>>>>>>>>exists<<<<<<<<<<<<<<
2020-08-14 21:18:48 [root] INFO: >>>>>>>>>>>>>exists<<<<<<<<<<<<<<
2020-08-14 21:18:48 [root] INFO: >>>>>>>>>>>>>exists<<<<<<<<<<<<<<
2020-08-14 21:18:48 [root] INFO: >>>>>>>>>>>>>exists<<<<<<<<<<<<<<
2020-08-14 21:18:48 [root] INFO: >>>>>>>>>>>>>exists<<<<<<<<<<<<<<
2020-08-14 21:18:48 [root] INFO: >>>>>>>>>>>>>exists<<<<<<<<<<<<<<
2020-08-14 21:18:48 [root] INFO: >>>>>>>>>>>>>exists<<<<<<<<<<<<<<
2020-08-14 21:18:48 [root] INFO: >>>>>>>>>>>>>exists<<<<<<<<<<<<<<
2020-08-14 21:18:48 [root] INFO: >>>>>>>>>>>>>exists<<<<<<<<<<<<<<
2020-08-14 21:18:48 [root] INFO: >>>>>>>>>>>>>exists<<<<<<<<<<<<<<
2020-08-14 21:18:48 [root] INFO: >>>>>>>>>>>>>exists<<<<<<<<<<<<<<
2020-08-14 21:18:48 [root] INFO: >>>>>>>>>>>>>exists<<<<<<<<<<<<<<
2020-08-14 21:18:48 [root] INFO: >>>>>>>>>>>>>exists<<<<<<<<<<<<<<
2020-08-14 21:18:48 [root] INFO: >>>>>>>>>>>>>exists<<<<<<<<<<<<<<
2020-08-14 21:18:48 [root] INFO: >>>>>>>>>>>>>exists<<<<<<<<<<<<<<
2020-08-14 21:18:48 [root] INFO: >>>>>>>>>>>>>exists<<<<<<<<<<<<<<
2020-08-14 21:18:48 [root] INFO: >>>>>>>>>>>>>exists<<<<<<<<<<<<<<
2020-08-14 21:18:48 [root] INFO: >>>>>>>>>>>>>exists<<<<<<<<<<<<<<
2020-08-14 21:18:48 [root] INFO: >>>>>>>>>>>>>exists<<<<<<<<<<<<<<
2020-08-14 21:18:48 [root] INFO: >>>>>>>>>>>>>exists<<<<<<<<<<<<<<
2020-08-14 21:18:48 [root] INFO: >>>>>>>>>>>>>exists<<<<<<<<<<<<<<
2020-08-14 21:18:48 [root] INFO: >>>>>>>>>>>>>exists<<<<<<<<<<<<<<
2020-08-14 21:18:48 [root] INFO: >>>>>>>>>>>>>exists<<<<<<<<<<<<<<
2020-08-14 21:18:48 [root] INFO: >>>>>>>>>>>>>exists<<<<<<<<<<<<<<
2020-08-14 21:18:48 [root] INFO: >>>>>>>>>>>>>exists<<<<<<<<<<<<<<
2020-08-14 21:18:48 [root] INFO: >>>>>>>>>>>>>exists<<<<<<<<<<<<<<
2020-08-14 21:18:48 [root] INFO: >>>>>>>>>>>>>exists<<<<<<<<<<<<<<
2020-08-14 21:18:48 [root] INFO: >>>>>>>>>>>>>exists<<<<<<<<<<<<<<
2020-08-14 21:18:48 [root] INFO: >>>>>>>>>>>>>exists<<<<<<<<<<<<<<
2020-08-14 21:18:48 [root] INFO: >>>>>>>>>>>>>exists<<<<<<<<<<<<<<
2020-08-14 21:18:48 [root] INFO: >>>>>>>>>>>>>exists<<<<<<<<<<<<<<
2020-08-14 21:18:48 [root] INFO: >>>>>>>>>>>>>exists<<<<<<<<<<<<<<
2020-08-14 21:18:48 [root] INFO: >>>>>>>>>>>>>exists<<<<<<<<<<<<<<
2020-08-14 21:18:48 [root] INFO: >>>>>>>>>>>>>exists<<<<<<<<<<<<<<
2020-08-14 21:18:48 [root] INFO: >>>>>>>>>>>>>exists<<<<<<<<<<<<<<
2020-08-14 21:18:48 [root] INFO: >>>>>>>>>>>>>exists<<<<<<<<<<<<<<
2020-08-14 21:18:48 [root] INFO: >>>>>>>>>>>>>exists<<<<<<<<<<<<<<
2020-08-14 21:18:48 [root] INFO: >>>>>>>>>>>>>exists<<<<<<<<<<<<<<
2020-08-14 21:18:48 [root] INFO: >>>>>>>>>>>>>exists<<<<<<<<<<<<<<
2020-08-14 21:18:48 [root] INFO: >>>>>>>>>>>>>exists<<<<<<<<<<<<<<
2020-08-14 21:18:48 [root] INFO: >>>>>>>>>>>>>exists<<<<<<<<<<<<<<
2020-08-14 21:18:48 [root] INFO: >>>>>>>>>>>>>exists<<<<<<<<<<<<<<
2020-08-14 21:18:48 [root] INFO: >>>>>>>>>>>>>exists<<<<<<<<<<<<<<
2020-08-14 21:18:48 [root] INFO: >>>>>>>>>>>>>exists<<<<<<<<<<<<<<
2020-08-14 21:18:48 [root] INFO: >>>>>>>>>>>>>exists<<<<<<<<<<<<<<
2020-08-14 21:18:48 [root] INFO: >>>>>>>>>>>>>exists<<<<<<<<<<<<<<
2020-08-14 21:18:48 [root] INFO: >>>>>>>>>>>>>exists<<<<<<<<<<<<<<
2020-08-14 21:18:48 [root] INFO: >>>>>>>>>>>>>exists<<<<<<<<<<<<<<
2020-08-14 21:18:48 [root] INFO: >>>>>>>>>>>>>exists<<<<<<<<<<<<<<
2020-08-14 21:18:48 [root] INFO: >>>>>>>>>>>>>exists<<<<<<<<<<<<<<
2020-08-14 21:18:48 [root] INFO: >>>>>>>>>>>>>exists<<<<<<<<<<<<<<
2020-08-14 21:18:48 [root] INFO: >>>>>>>>>>>>>exists<<<<<<<<<<<<<<
2020-08-14 21:18:48 [root] INFO: >>>>>>>>>>>>>exists<<<<<<<<<<<<<<
2020-08-14 21:18:48 [root] INFO: >>>>>>>>>>>>>exists<<<<<<<<<<<<<<
2020-08-14 21:18:48 [root] INFO: >>>>>>>>>>>>>exists<<<<<<<<<<<<<<
2020-08-14 21:18:48 [root] INFO: >>>>>>>>>>>>>exists<<<<<<<<<<<<<<
2020-08-14 21:18:48 [root] INFO: >>>>>>>>>>>>>exists<<<<<<<<<<<<<<
2020-08-14 21:18:48 [root] INFO: >>>>>>>>>>>>>exists<<<<<<<<<<<<<<
2020-08-14 21:18:48 [root] INFO: >>>>>>>>>>>>>exists<<<<<<<<<<<<<<
2020-08-14 21:18:48 [root] INFO: >>>>>>>>>>>>>exists<<<<<<<<<<<<<<
2020-08-14 21:18:48 [root] INFO: >>>>>>>>>>>>>exists<<<<<<<<<<<<<<
2020-08-14 21:18:48 [root] INFO: >>>>>>>>>>>>>exists<<<<<<<<<<<<<<
2020-08-14 21:18:48 [root] INFO: >>>>>>>>>>>>>exists<<<<<<<<<<<<<<
2020-08-14 21:18:48 [root] INFO: >>>>>>>>>>>>>exists<<<<<<<<<<<<<<
2020-08-14 21:18:48 [root] INFO: >>>>>>>>>>>>>exists<<<<<<<<<<<<<<
2020-08-14 21:18:48 [root] INFO: >>>>>>>>>>>>>exists<<<<<<<<<<<<<<
2020-08-14 21:18:48 [root] INFO: >>>>>>>>>>>>>exists<<<<<<<<<<<<<<
2020-08-14 21:18:48 [root] INFO: >>>>>>>>>>>>>exists<<<<<<<<<<<<<<
2020-08-14 21:18:48 [root] INFO: >>>>>>>>>>>>>exists<<<<<<<<<<<<<<
2020-08-14 21:18:48 [root] INFO: >>>>>>>>>>>>>exists<<<<<<<<<<<<<<
2020-08-14 21:18:48 [root] INFO: >>>>>>>>>>>>>exists<<<<<<<<<<<<<<
2020-08-14 21:18:48 [root] INFO: >>>>>>>>>>>>>exists<<<<<<<<<<<<<<
2020-08-14 21:18:48 [root] INFO: >>>>>>>>>>>>>exists<<<<<<<<<<<<<<
2020-08-14 21:18:48 [root] INFO: >>>>>>>>>>>>>exists<<<<<<<<<<<<<<
2020-08-14 21:18:48 [root] INFO: >>>>>>>>>>>>>exists<<<<<<<<<<<<<<
2020-08-14 21:18:48 [root] INFO: >>>>>>>>>>>>>exists<<<<<<<<<<<<<<
2020-08-14 21:18:48 [root] INFO: >>>>>>>>>>>>>exists<<<<<<<<<<<<<<
2020-08-14 21:18:48 [root] INFO: >>>>>>>>>>>>>exists<<<<<<<<<<<<<<
2020-08-14 21:18:48 [root] INFO: >>>>>>>>>>>>>exists<<<<<<<<<<<<<<
2020-08-14 21:18:48 [root] INFO: >>>>>>>>>>>>>exists<<<<<<<<<<<<<<
2020-08-14 21:18:48 [root] INFO: >>>>>>>>>>>>>exists<<<<<<<<<<<<<<
2020-08-14 21:18:48 [root] INFO: >>>>>>>>>>>>>exists<<<<<<<<<<<<<<
2020-08-14 21:18:48 [root] INFO: >>>>>>>>>>>>>exists<<<<<<<<<<<<<<
2020-08-14 21:18:48 [root] INFO: >>>>>>>>>>>>>exists<<<<<<<<<<<<<<
2020-08-14 21:18:48 [scrapy.core.engine] INFO: Closing spider (finished)
2020-08-14 21:18:48 [scrapy.statscollectors] INFO: Dumping Scrapy stats:
{'downloader/request_bytes': 345,
 'downloader/request_count': 2,
 'downloader/request_method_count/GET': 2,
 'downloader/response_bytes': 23684,
 'downloader/response_count': 2,
 'downloader/response_status_count/200': 1,
 'downloader/response_status_count/404': 1,
 'finish_reason': 'finished',
 'finish_time': datetime.datetime(2020, 8, 14, 13, 18, 48, 812000),
 'item_scraped_count': 1236,
 'log_count/INFO': 1243,
 'response_received_count': 2,
 'scheduler/dequeued': 1,
 'scheduler/dequeued/memory': 1,
 'scheduler/enqueued': 1,
 'scheduler/enqueued/memory': 1,
 'start_time': datetime.datetime(2020, 8, 14, 13, 18, 38, 522000)}
2020-08-14 21:18:48 [scrapy.core.engine] INFO: Spider closed (finished)
